TN:
SF:components\index.ts
FNF:0
FNH:0
LF:0
LH:0
BRF:0
BRH:0
end_of_record
TN:
SF:components\Analytics\index.ts
FNF:0
FNH:0
LF:0
LH:0
BRF:0
BRH:0
end_of_record
TN:
SF:components\Assignment\index.ts
FNF:0
FNH:0
LF:0
LH:0
BRF:0
BRH:0
end_of_record
TN:
SF:components\Brand\index.ts
FNF:0
FNH:0
LF:0
LH:0
BRF:0
BRH:0
end_of_record
TN:
SF:components\Dashboard\index.ts
FNF:0
FNH:0
LF:0
LH:0
BRF:0
BRH:0
end_of_record
TN:
SF:components\Foundation\index.ts
FNF:0
FNH:0
LF:0
LH:0
BRF:0
BRH:0
end_of_record
TN:
SF:components\Hierarchy\index.ts
FNF:0
FNH:0
LF:0
LH:0
BRF:0
BRH:0
end_of_record
TN:
SF:components\Icons\index.ts
FNF:0
FNH:0
LF:0
LH:0
BRF:0
BRH:0
end_of_record
TN:
SF:components\MatchResult\index.ts
FNF:0
FNH:0
LF:0
LH:0
BRF:0
BRH:0
end_of_record
TN:
SF:components\RefereeAnalytics\index.ts
FNF:0
FNH:0
LF:0
LH:0
BRF:0
BRH:0
end_of_record
TN:
SF:components\Status\StatusSizeSystem.tsx
FN:125,(anonymous_0)
FN:129,(anonymous_1)
FN:185,(anonymous_2)
FN:193,(anonymous_3)
FN:202,(anonymous_4)
FN:212,(anonymous_5)
FN:227,(anonymous_6)
FN:262,(anonymous_7)
FN:273,(anonymous_8)
FN:278,(anonymous_9)
FNF:10
FNH:0
FNDA:0,(anonymous_0)
FNDA:0,(anonymous_1)
FNDA:0,(anonymous_2)
FNDA:0,(anonymous_3)
FNDA:0,(anonymous_4)
FNDA:0,(anonymous_5)
FNDA:0,(anonymous_6)
FNDA:0,(anonymous_7)
FNDA:0,(anonymous_8)
FNDA:0,(anonymous_9)
DA:42,0
DA:125,0
DA:126,0
DA:129,0
DA:133,0
DA:135,0
DA:141,0
DA:143,0
DA:152,0
DA:160,0
DA:167,0
DA:175,0
DA:185,0
DA:186,0
DA:187,0
DA:193,0
DA:194,0
DA:195,0
DA:202,0
DA:203,0
DA:204,0
DA:212,0
DA:213,0
DA:214,0
DA:227,0
DA:231,0
DA:234,0
DA:236,0
DA:237,0
DA:238,0
DA:239,0
DA:244,0
DA:245,0
DA:246,0
DA:247,0
DA:248,0
DA:250,0
DA:251,0
DA:252,0
DA:253,0
DA:254,0
DA:258,0
DA:262,0
DA:263,0
DA:264,0
DA:266,0
DA:273,0
DA:274,0
DA:278,0
DA:279,0
DA:285,0
LF:51
LH:0
BRDA:131,0,0,0
BRDA:141,1,0,0
BRDA:141,1,1,0
BRDA:141,1,2,0
BRDA:141,1,3,0
BRDA:141,1,4,0
BRDA:141,1,5,0
BRDA:229,2,0,0
BRDA:231,3,0,0
BRDA:231,4,0,0
BRDA:231,5,0,0
BRDA:234,6,0,0
BRDA:234,6,1,0
BRDA:234,7,0,0
BRDA:234,7,1,0
BRDA:236,8,0,0
BRDA:236,8,1,0
BRDA:236,8,2,0
BRDA:244,9,0,0
BRDA:244,9,1,0
BRDA:245,10,0,0
BRDA:245,10,1,0
BRDA:245,10,2,0
BRDA:250,11,0,0
BRDA:250,11,1,0
BRDA:251,12,0,0
BRDA:251,12,1,0
BRDA:251,12,2,0
BRDA:267,13,0,0
BRDA:267,13,1,0
BRF:30
BRH:0
end_of_record
TN:
SF:components\Status\index.ts
FNF:0
FNH:0
LF:0
LH:0
BRF:0
BRH:0
end_of_record
TN:
SF:components\TouchTarget\index.ts
FNF:0
FNH:0
LF:0
LH:0
BRF:0
BRH:0
end_of_record
TN:
SF:components\TouchTarget\types.ts
FNF:0
FNH:0
LF:0
LH:0
BRF:0
BRH:0
end_of_record
TN:
SF:components\TournamentInfo\index.ts
FNF:0
FNH:0
LF:0
LH:0
BRF:0
BRH:0
end_of_record
TN:
SF:components\Typography\index.ts
FNF:0
FNH:0
LF:0
LH:0
BRF:0
BRH:0
end_of_record
TN:
SF:components\entities\Match\index.ts
FNF:0
FNH:0
LF:0
LH:0
BRF:0
BRH:0
end_of_record
TN:
SF:components\entities\Player\index.ts
FNF:0
FNH:0
LF:0
LH:0
BRF:0
BRH:0
end_of_record
TN:
SF:components\entities\Referee\index.ts
FNF:0
FNH:0
LF:0
LH:0
BRF:0
BRH:0
end_of_record
TN:
SF:components\entities\Tournament\index.ts
FNF:0
FNH:0
LF:0
LH:0
BRF:0
BRH:0
end_of_record
TN:
SF:components\live-score\LiveScore.styles.ts
FNF:0
FNH:0
DA:15,0
DA:41,0
DA:82,0
DA:114,0
DA:140,0
DA:244,0
DA:350,0
LF:7
LH:0
BRF:0
BRH:0
end_of_record
TN:
SF:components\live-score\index.ts
FNF:0
FNH:0
LF:0
LH:0
BRF:0
BRH:0
end_of_record
TN:
SF:components\offline\index.ts
FNF:0
FNH:0
LF:0
LH:0
BRF:0
BRH:0
end_of_record
TN:
SF:hooks\useAnalyticsCollection.ts
FN:103,useAnalyticsCollection
FN:128,(anonymous_1)
FN:148,(anonymous_2)
FN:168,(anonymous_3)
FN:184,(anonymous_4)
FN:187,(anonymous_5)
FN:196,(anonymous_6)
FN:210,(anonymous_7)
FN:217,(anonymous_8)
FN:226,(anonymous_9)
FN:236,(anonymous_10)
FN:259,(anonymous_11)
FN:280,(anonymous_12)
FN:287,(anonymous_13)
FN:293,(anonymous_14)
FN:302,(anonymous_15)
FN:312,(anonymous_16)
FN:314,(anonymous_17)
FN:323,(anonymous_18)
FN:324,(anonymous_19)
FN:330,(anonymous_20)
FN:333,(anonymous_21)
FN:339,(anonymous_22)
FN:346,(anonymous_23)
FN:354,(anonymous_24)
FN:355,(anonymous_25)
FN:364,(anonymous_26)
FN:403,useRefereeScreenAnalytics
FN:410,(anonymous_28)
FN:422,(anonymous_29)
FNF:30
FNH:0
FNDA:0,useAnalyticsCollection
FNDA:0,(anonymous_1)
FNDA:0,(anonymous_2)
FNDA:0,(anonymous_3)
FNDA:0,(anonymous_4)
FNDA:0,(anonymous_5)
FNDA:0,(anonymous_6)
FNDA:0,(anonymous_7)
FNDA:0,(anonymous_8)
FNDA:0,(anonymous_9)
FNDA:0,(anonymous_10)
FNDA:0,(anonymous_11)
FNDA:0,(anonymous_12)
FNDA:0,(anonymous_13)
FNDA:0,(anonymous_14)
FNDA:0,(anonymous_15)
FNDA:0,(anonymous_16)
FNDA:0,(anonymous_17)
FNDA:0,(anonymous_18)
FNDA:0,(anonymous_19)
FNDA:0,(anonymous_20)
FNDA:0,(anonymous_21)
FNDA:0,(anonymous_22)
FNDA:0,(anonymous_23)
FNDA:0,(anonymous_24)
FNDA:0,(anonymous_25)
FNDA:0,(anonymous_26)
FNDA:0,useRefereeScreenAnalytics
FNDA:0,(anonymous_28)
FNDA:0,(anonymous_29)
DA:88,0
DA:106,0
DA:111,0
DA:112,0
DA:113,0
DA:114,0
DA:122,0
DA:123,0
DA:124,0
DA:127,0
DA:129,0
DA:131,0
DA:132,0
DA:140,0
DA:141,0
DA:144,0
DA:145,0
DA:148,0
DA:155,0
DA:156,0
DA:164,0
DA:166,0
DA:168,0
DA:173,0
DA:174,0
DA:181,0
DA:185,0
DA:188,0
DA:196,0
DA:197,0
DA:200,0
DA:201,0
DA:202,0
DA:205,0
DA:210,0
DA:212,0
DA:213,0
DA:217,0
DA:224,0
DA:226,0
DA:229,0
DA:236,0
DA:237,0
DA:253,0
DA:259,0
DA:260,0
DA:274,0
DA:280,0
DA:281,0
DA:287,0
DA:288,0
DA:290,0
DA:291,0
DA:293,0
DA:298,0
DA:299,0
DA:302,0
DA:303,0
DA:304,0
DA:312,0
DA:313,0
DA:314,0
DA:323,0
DA:324,0
DA:330,0
DA:333,0
DA:334,0
DA:335,0
DA:338,0
DA:339,0
DA:340,0
DA:341,0
DA:346,0
DA:347,0
DA:348,0
DA:354,0
DA:355,0
DA:356,0
DA:358,0
DA:364,0
DA:365,0
DA:366,0
DA:375,0
DA:404,0
DA:410,0
DA:414,0
DA:422,0
DA:427,0
DA:435,0
LF:89
LH:0
BRDA:104,0,0,0
BRDA:140,1,0,0
BRDA:140,1,1,0
BRDA:155,2,0,0
BRDA:155,2,1,0
BRDA:166,3,0,0
BRDA:166,3,1,0
BRDA:173,4,0,0
BRDA:173,4,1,0
BRDA:197,5,0,0
BRDA:197,5,1,0
BRDA:200,6,0,0
BRDA:200,6,1,0
BRDA:200,7,0,0
BRDA:200,7,1,0
BRDA:207,8,0,0
BRDA:207,8,1,0
BRDA:213,9,0,0
BRDA:213,9,1,0
BRDA:224,10,0,0
BRDA:224,10,1,0
BRDA:247,11,0,0
BRDA:247,11,1,0
BRDA:269,12,0,0
BRDA:269,12,1,0
BRDA:288,13,0,0
BRDA:288,13,1,0
BRDA:334,14,0,0
BRDA:334,14,1,0
BRDA:338,15,0,0
BRDA:338,15,1,0
BRDA:338,16,0,0
BRDA:338,16,1,0
BRDA:338,16,2,0
BRDA:340,17,0,0
BRDA:340,17,1,0
BRDA:347,18,0,0
BRDA:347,18,1,0
BRDA:356,19,0,0
BRDA:356,19,1,0
BRDA:365,20,0,0
BRDA:365,20,1,0
BRF:42
BRH:0
end_of_record
TN:
SF:hooks\useAnalyticsDashboard.ts
FN:69,useAnalyticsDashboard
FN:123,(anonymous_1)
FN:184,(anonymous_2)
FN:204,(anonymous_3)
FN:205,(anonymous_4)
FN:212,(anonymous_5)
FN:213,(anonymous_6)
FN:220,(anonymous_7)
FN:227,(anonymous_8)
FN:263,validateAnalyticsPerformance
FNF:10
FNH:0
FNDA:0,useAnalyticsDashboard
FNDA:0,(anonymous_1)
FNDA:0,(anonymous_2)
FNDA:0,(anonymous_3)
FNDA:0,(anonymous_4)
FNDA:0,(anonymous_5)
FNDA:0,(anonymous_6)
FNDA:0,(anonymous_7)
FNDA:0,(anonymous_8)
FNDA:0,validateAnalyticsPerformance
DA:73,0
DA:74,0
DA:77,0
DA:85,0
DA:90,0
DA:91,0
DA:98,0
DA:112,0
DA:120,0
DA:124,0
DA:126,0
DA:128,0
DA:139,0
DA:140,0
DA:143,0
DA:145,0
DA:148,0
DA:155,0
DA:156,0
DA:165,0
DA:167,0
DA:172,0
DA:184,0
DA:185,0
DA:186,0
DA:188,0
DA:190,0
DA:192,0
DA:197,0
DA:199,0
DA:204,0
DA:205,0
DA:212,0
DA:213,0
DA:220,0
DA:221,0
DA:227,0
DA:228,0
DA:229,0
DA:233,0
DA:270,0
DA:271,0
DA:274,0
DA:278,0
DA:281,0
DA:283,0
LF:46
LH:0
BRDA:71,0,0,0
BRDA:130,1,0,0
BRDA:130,1,1,0
BRDA:155,2,0,0
BRDA:155,2,1,0
BRDA:177,3,0,0
BRDA:177,3,1,0
BRDA:228,4,0,0
BRDA:228,4,1,0
BRDA:235,5,0,0
BRDA:235,5,1,0
BRDA:236,6,0,0
BRDA:236,6,1,0
BRDA:239,7,0,0
BRDA:239,7,1,0
BRDA:253,8,0,0
BRDA:253,8,1,0
BRDA:254,9,0,0
BRDA:254,9,1,0
BRDA:274,10,0,0
BRDA:274,10,1,0
BRDA:275,11,0,0
BRDA:275,11,1,0
BRDA:278,12,0,0
BRDA:278,12,1,0
BRDA:279,13,0,0
BRDA:279,13,1,0
BRDA:281,14,0,0
BRDA:281,14,1,0
BRF:29
BRH:0
end_of_record
TN:
SF:hooks\useAnalyticsSettings.ts
FN:37,useAnalyticsSettings
FN:70,(anonymous_1)
FN:74,(anonymous_2)
FN:113,(anonymous_3)
FN:147,(anonymous_4)
FN:168,(anonymous_5)
FN:185,(anonymous_6)
FNF:7
FNH:0
FNDA:0,useAnalyticsSettings
FNDA:0,(anonymous_1)
FNDA:0,(anonymous_2)
FNDA:0,(anonymous_3)
FNDA:0,(anonymous_4)
FNDA:0,(anonymous_5)
FNDA:0,(anonymous_6)
DA:38,0
DA:39,0
DA:40,0
DA:42,0
DA:43,0
DA:46,0
DA:70,0
DA:71,0
DA:74,0
DA:75,0
DA:76,0
DA:78,0
DA:79,0
DA:81,0
DA:82,0
DA:85,0
DA:94,0
DA:97,0
DA:98,0
DA:101,0
DA:102,0
DA:104,0
DA:106,0
DA:108,0
DA:113,0
DA:114,0
DA:116,0
DA:118,0
DA:119,0
DA:130,0
DA:133,0
DA:135,0
DA:136,0
DA:139,0
DA:141,0
DA:142,0
DA:147,0
DA:148,0
DA:150,0
DA:151,0
DA:156,0
DA:157,0
DA:159,0
DA:160,0
DA:162,0
DA:163,0
DA:168,0
DA:169,0
DA:170,0
DA:173,0
DA:174,0
DA:176,0
DA:177,0
DA:179,0
DA:180,0
DA:185,0
DA:186,0
DA:188,0
DA:189,0
DA:192,0
DA:204,0
DA:206,0
DA:207,0
DA:209,0
DA:210,0
DA:214,0
LF:66
LH:0
BRDA:81,0,0,0
BRDA:81,0,1,0
BRDA:114,1,0,0
BRDA:114,1,1,0
BRDA:169,2,0,0
BRDA:169,2,1,0
BRF:6
BRH:0
end_of_record
TN:
SF:hooks\useAppState.ts
FN:59,useAppState
FN:79,(anonymous_1)
FN:95,(anonymous_2)
FN:116,(anonymous_3)
FN:121,(anonymous_4)
FN:160,(anonymous_5)
FN:164,(anonymous_6)
FN:172,(anonymous_7)
FN:176,(anonymous_8)
FN:184,(anonymous_9)
FN:186,(anonymous_10)
FN:191,(anonymous_11)
FN:206,(anonymous_12)
FN:262,useAppLifecycle
FN:290,useConnectionSuspension
FN:340,useAppStateAnalytics
FN:366,(anonymous_16)
FN:370,(anonymous_17)
FN:375,(anonymous_18)
FN:379,(anonymous_19)
FNF:20
FNH:0
FNDA:0,useAppState
FNDA:0,(anonymous_1)
FNDA:0,(anonymous_2)
FNDA:0,(anonymous_3)
FNDA:0,(anonymous_4)
FNDA:0,(anonymous_5)
FNDA:0,(anonymous_6)
FNDA:0,(anonymous_7)
FNDA:0,(anonymous_8)
FNDA:0,(anonymous_9)
FNDA:0,(anonymous_10)
FNDA:0,(anonymous_11)
FNDA:0,(anonymous_12)
FNDA:0,useAppLifecycle
FNDA:0,useConnectionSuspension
FNDA:0,useAppStateAnalytics
FNDA:0,(anonymous_16)
FNDA:0,(anonymous_17)
FNDA:0,(anonymous_18)
FNDA:0,(anonymous_19)
DA:60,0
DA:61,0
DA:62,0
DA:70,0
DA:71,0
DA:72,0
DA:79,0
DA:80,0
DA:83,0
DA:84,0
DA:85,0
DA:87,0
DA:88,0
DA:89,0
DA:90,0
DA:95,0
DA:96,0
DA:97,0
DA:98,0
DA:101,0
DA:102,0
DA:105,0
DA:106,0
DA:116,0
DA:117,0
DA:118,0
DA:121,0
DA:122,0
DA:123,0
DA:128,0
DA:131,0
DA:135,0
DA:138,0
DA:142,0
DA:143,0
DA:145,0
DA:150,0
DA:158,0
DA:160,0
DA:161,0
DA:164,0
DA:172,0
DA:173,0
DA:176,0
DA:184,0
DA:185,0
DA:186,0
DA:191,0
DA:192,0
DA:193,0
DA:196,0
DA:197,0
DA:202,0
DA:206,0
DA:207,0
DA:208,0
DA:211,0
DA:212,0
DA:217,0
DA:221,0
DA:275,0
DA:277,0
DA:316,0
DA:318,0
DA:354,0
DA:357,0
DA:358,0
DA:359,0
DA:360,0
DA:361,0
DA:362,0
DA:365,0
DA:367,0
DA:368,0
DA:370,0
DA:374,0
DA:376,0
DA:380,0
DA:381,0
DA:383,0
DA:386,0
DA:387,0
DA:389,0
LF:83
LH:0
BRDA:128,0,0,0
BRDA:128,0,1,0
BRDA:131,1,0,0
BRDA:131,1,1,0
BRDA:131,1,2,0
BRDA:135,2,0,0
BRDA:135,2,1,0
BRDA:138,3,0,0
BRDA:138,3,1,0
BRDA:142,4,0,0
BRDA:142,4,1,0
BRDA:145,5,0,0
BRDA:145,5,1,0
BRDA:145,6,0,0
BRDA:145,6,1,0
BRDA:145,6,2,0
BRDA:151,7,0,0
BRDA:151,7,1,0
BRDA:152,8,0,0
BRDA:152,8,1,0
BRDA:152,8,2,0
BRDA:362,9,0,0
BRDA:362,9,1,0
BRDA:376,10,0,0
BRDA:376,10,1,0
BRDA:380,11,0,0
BRDA:380,11,1,0
BRDA:387,12,0,0
BRDA:387,12,1,0
BRF:29
BRH:0
end_of_record
TN:
SF:hooks\useAssignmentCountdown.ts
FN:23,(anonymous_0)
FN:40,(anonymous_1)
FN:68,(anonymous_2)
FN:102,(anonymous_3)
FN:123,(anonymous_4)
FN:138,(anonymous_5)
FN:161,(anonymous_6)
FN:169,(anonymous_7)
FN:170,(anonymous_8)
FNF:9
FNH:0
FNDA:0,(anonymous_0)
FNDA:0,(anonymous_1)
FNDA:0,(anonymous_2)
FNDA:0,(anonymous_3)
FNDA:0,(anonymous_4)
FNDA:0,(anonymous_5)
FNDA:0,(anonymous_6)
FNDA:0,(anonymous_7)
FNDA:0,(anonymous_8)
DA:23,0
DA:24,0
DA:32,0
DA:38,0
DA:40,0
DA:41,0
DA:42,0
DA:44,0
DA:45,0
DA:54,0
DA:55,0
DA:56,0
DA:57,0
DA:59,0
DA:68,0
DA:69,0
DA:71,0
DA:72,0
DA:79,0
DA:80,0
DA:87,0
DA:88,0
DA:95,0
DA:102,0
DA:103,0
DA:105,0
DA:106,0
DA:110,0
DA:111,0
DA:115,0
DA:116,0
DA:120,0
DA:123,0
DA:124,0
DA:125,0
DA:128,0
DA:129,0
DA:133,0
DA:134,0
DA:138,0
DA:139,0
DA:140,0
DA:147,0
DA:152,0
DA:156,0
DA:159,0
DA:161,0
DA:162,0
DA:163,0
DA:169,0
DA:170,0
DA:171,0
DA:172,0
DA:177,0
LF:54
LH:0
BRDA:44,0,0,0
BRDA:44,0,1,0
BRDA:71,1,0,0
BRDA:71,1,1,0
BRDA:79,2,0,0
BRDA:79,2,1,0
BRDA:87,3,0,0
BRDA:87,3,1,0
BRDA:105,4,0,0
BRDA:105,4,1,0
BRDA:110,5,0,0
BRDA:110,5,1,0
BRDA:115,6,0,0
BRDA:115,6,1,0
BRDA:124,7,0,0
BRDA:124,7,1,0
BRDA:129,8,0,0
BRDA:129,8,1,0
BRDA:139,9,0,0
BRDA:139,9,1,0
BRDA:162,10,0,0
BRDA:162,10,1,0
BRDA:171,11,0,0
BRDA:171,11,1,0
BRDA:181,12,0,0
BRDA:181,12,1,0
BRF:26
BRH:0
end_of_record
TN:
SF:hooks\useAssignmentPreparation.ts
FN:29,(anonymous_0)
FN:41,(anonymous_1)
FN:54,(anonymous_2)
FN:61,(anonymous_3)
FN:76,(anonymous_4)
FN:87,(anonymous_5)
FN:99,(anonymous_6)
FN:101,(anonymous_7)
FN:116,(anonymous_8)
FN:120,(anonymous_9)
FN:129,(anonymous_10)
FN:147,(anonymous_11)
FN:163,(anonymous_12)
FN:172,(anonymous_13)
FN:177,(anonymous_14)
FN:187,(anonymous_15)
FN:190,(anonymous_16)
FN:207,(anonymous_17)
FN:214,(anonymous_18)
FN:222,(anonymous_19)
FN:237,(anonymous_20)
FN:252,(anonymous_21)
FN:259,(anonymous_22)
FN:267,(anonymous_23)
FN:281,(anonymous_24)
FN:298,(anonymous_25)
FN:306,(anonymous_26)
FN:311,(anonymous_27)
FN:313,(anonymous_28)
FN:317,(anonymous_29)
FN:323,(anonymous_30)
FN:332,(anonymous_31)
FN:335,(anonymous_32)
FN:346,(anonymous_33)
FN:350,(anonymous_34)
FN:355,(anonymous_35)
FN:356,(anonymous_36)
FN:360,(anonymous_37)
FN:372,(anonymous_38)
FNF:39
FNH:0
FNDA:0,(anonymous_0)
FNDA:0,(anonymous_1)
FNDA:0,(anonymous_2)
FNDA:0,(anonymous_3)
FNDA:0,(anonymous_4)
FNDA:0,(anonymous_5)
FNDA:0,(anonymous_6)
FNDA:0,(anonymous_7)
FNDA:0,(anonymous_8)
FNDA:0,(anonymous_9)
FNDA:0,(anonymous_10)
FNDA:0,(anonymous_11)
FNDA:0,(anonymous_12)
FNDA:0,(anonymous_13)
FNDA:0,(anonymous_14)
FNDA:0,(anonymous_15)
FNDA:0,(anonymous_16)
FNDA:0,(anonymous_17)
FNDA:0,(anonymous_18)
FNDA:0,(anonymous_19)
FNDA:0,(anonymous_20)
FNDA:0,(anonymous_21)
FNDA:0,(anonymous_22)
FNDA:0,(anonymous_23)
FNDA:0,(anonymous_24)
FNDA:0,(anonymous_25)
FNDA:0,(anonymous_26)
FNDA:0,(anonymous_27)
FNDA:0,(anonymous_28)
FNDA:0,(anonymous_29)
FNDA:0,(anonymous_30)
FNDA:0,(anonymous_31)
FNDA:0,(anonymous_32)
FNDA:0,(anonymous_33)
FNDA:0,(anonymous_34)
FNDA:0,(anonymous_35)
FNDA:0,(anonymous_36)
FNDA:0,(anonymous_37)
FNDA:0,(anonymous_38)
DA:22,0
DA:29,0
DA:30,0
DA:41,0
DA:42,0
DA:43,0
DA:44,0
DA:46,0
DA:52,0
DA:54,0
DA:61,0
DA:62,0
DA:63,0
DA:64,0
DA:66,0
DA:73,0
DA:74,0
DA:76,0
DA:84,0
DA:85,0
DA:87,0
DA:99,0
DA:100,0
DA:101,0
DA:104,0
DA:110,0
DA:111,0
DA:112,0
DA:114,0
DA:115,0
DA:116,0
DA:117,0
DA:120,0
DA:128,0
DA:129,0
DA:135,0
DA:136,0
DA:140,0
DA:141,0
DA:144,0
DA:145,0
DA:147,0
DA:158,0
DA:159,0
DA:163,0
DA:172,0
DA:173,0
DA:177,0
DA:178,0
DA:179,0
DA:180,0
DA:187,0
DA:188,0
DA:190,0
DA:191,0
DA:192,0
DA:195,0
DA:197,0
DA:204,0
DA:205,0
DA:207,0
DA:210,0
DA:214,0
DA:222,0
DA:227,0
DA:229,0
DA:237,0
DA:238,0
DA:240,0
DA:242,0
DA:249,0
DA:250,0
DA:252,0
DA:255,0
DA:259,0
DA:267,0
DA:272,0
DA:273,0
DA:281,0
DA:287,0
DA:288,0
DA:289,0
DA:294,0
DA:298,0
DA:306,0
DA:307,0
DA:308,0
DA:311,0
DA:312,0
DA:313,0
DA:316,0
DA:317,0
DA:323,0
DA:324,0
DA:325,0
DA:327,0
DA:328,0
DA:329,0
DA:330,0
DA:331,0
DA:332,0
DA:333,0
DA:335,0
DA:336,0
DA:342,0
DA:346,0
DA:347,0
DA:348,0
DA:350,0
DA:351,0
DA:355,0
DA:356,0
DA:357,0
DA:358,0
DA:360,0
DA:363,0
DA:364,0
DA:368,0
DA:372,0
DA:373,0
DA:376,0
LF:121
LH:0
BRDA:44,0,0,0
BRDA:44,0,1,0
BRDA:64,1,0,0
BRDA:64,1,1,0
BRDA:114,2,0,0
BRDA:114,2,1,0
BRDA:128,3,0,0
BRDA:128,3,1,0
BRDA:135,4,0,0
BRDA:135,4,1,0
BRDA:158,5,0,0
BRDA:158,5,1,0
BRDA:158,6,0,0
BRDA:158,6,1,0
BRDA:166,7,0,0
BRDA:166,7,1,0
BRDA:205,8,0,0
BRDA:205,8,1,0
BRDA:216,9,0,0
BRDA:216,9,1,0
BRDA:231,10,0,0
BRDA:231,10,1,0
BRDA:250,11,0,0
BRDA:250,11,1,0
BRDA:261,12,0,0
BRDA:261,12,1,0
BRDA:288,13,0,0
BRDA:288,13,1,0
BRDA:300,14,0,0
BRDA:300,14,1,0
BRDA:308,15,0,0
BRDA:308,15,1,0
BRDA:312,16,0,0
BRDA:312,16,1,0
BRDA:331,17,0,0
BRDA:331,17,1,0
BRDA:332,18,0,0
BRDA:332,18,1,0
BRDA:335,19,0,0
BRDA:335,19,1,0
BRDA:348,20,0,0
BRDA:348,20,1,0
BRDA:348,21,0,0
BRDA:348,21,1,0
BRDA:363,22,0,0
BRDA:363,22,1,0
BRDA:363,23,0,0
BRDA:363,23,1,0
BRDA:363,23,2,0
BRF:49
BRH:0
end_of_record
TN:
SF:hooks\useCacheAwareData.ts
FN:105,(anonymous_0)
FN:135,(anonymous_1)
FN:158,(anonymous_2)
FN:169,(anonymous_3)
FN:173,(anonymous_4)
FN:178,(anonymous_5)
FN:184,(anonymous_6)
FN:194,(anonymous_7)
FN:202,(anonymous_8)
FN:216,(anonymous_9)
FN:224,(anonymous_10)
FN:231,(anonymous_11)
FN:252,(anonymous_12)
FN:278,(anonymous_13)
FN:308,(anonymous_14)
FN:396,(anonymous_15)
FN:401,(anonymous_16)
FN:409,(anonymous_17)
FN:417,(anonymous_18)
FN:422,(anonymous_19)
FN:424,(anonymous_20)
FN:429,(anonymous_21)
FN:437,(anonymous_22)
FN:438,(anonymous_23)
FN:448,(anonymous_24)
FN:449,(anonymous_25)
FN:472,(anonymous_26)
FN:475,(anonymous_27)
FN:476,(anonymous_28)
FN:480,(anonymous_29)
FN:489,(anonymous_30)
FN:496,(anonymous_31)
FNF:32
FNH:0
FNDA:0,(anonymous_0)
FNDA:0,(anonymous_1)
FNDA:0,(anonymous_2)
FNDA:0,(anonymous_3)
FNDA:0,(anonymous_4)
FNDA:0,(anonymous_5)
FNDA:0,(anonymous_6)
FNDA:0,(anonymous_7)
FNDA:0,(anonymous_8)
FNDA:0,(anonymous_9)
FNDA:0,(anonymous_10)
FNDA:0,(anonymous_11)
FNDA:0,(anonymous_12)
FNDA:0,(anonymous_13)
FNDA:0,(anonymous_14)
FNDA:0,(anonymous_15)
FNDA:0,(anonymous_16)
FNDA:0,(anonymous_17)
FNDA:0,(anonymous_18)
FNDA:0,(anonymous_19)
FNDA:0,(anonymous_20)
FNDA:0,(anonymous_21)
FNDA:0,(anonymous_22)
FNDA:0,(anonymous_23)
FNDA:0,(anonymous_24)
FNDA:0,(anonymous_25)
FNDA:0,(anonymous_26)
FNDA:0,(anonymous_27)
FNDA:0,(anonymous_28)
FNDA:0,(anonymous_29)
FNDA:0,(anonymous_30)
FNDA:0,(anonymous_31)
DA:97,0
DA:98,0
DA:99,0
DA:100,0
DA:106,0
DA:108,0
DA:109,0
DA:110,0
DA:111,0
DA:115,0
DA:116,0
DA:117,0
DA:118,0
DA:119,0
DA:123,0
DA:124,0
DA:126,0
DA:127,0
DA:129,0
DA:137,0
DA:138,0
DA:141,0
DA:151,0
DA:152,0
DA:159,0
DA:160,0
DA:161,0
DA:163,0
DA:170,0
DA:172,0
DA:173,0
DA:174,0
DA:178,0
DA:179,0
DA:182,0
DA:183,0
DA:184,0
DA:188,0
DA:195,0
DA:196,0
DA:199,0
DA:202,0
DA:203,0
DA:204,0
DA:205,0
DA:206,0
DA:207,0
DA:217,0
DA:218,0
DA:225,0
DA:232,0
DA:234,0
DA:235,0
DA:237,0
DA:238,0
DA:239,0
DA:240,0
DA:244,0
DA:245,0
DA:253,0
DA:254,0
DA:259,0
DA:260,0
DA:261,0
DA:267,0
DA:278,0
DA:292,0
DA:294,0
DA:295,0
DA:296,0
DA:297,0
DA:298,0
DA:304,0
DA:305,0
DA:308,0
DA:309,0
DA:311,0
DA:312,0
DA:315,0
DA:316,0
DA:318,0
DA:319,0
DA:320,0
DA:322,0
DA:323,0
DA:324,0
DA:330,0
DA:339,0
DA:340,0
DA:341,0
DA:342,0
DA:345,0
DA:346,0
DA:347,0
DA:353,0
DA:354,0
DA:357,0
DA:358,0
DA:359,0
DA:361,0
DA:364,0
DA:366,0
DA:367,0
DA:368,0
DA:374,0
DA:382,0
DA:384,0
DA:385,0
DA:389,0
DA:390,0
DA:396,0
DA:397,0
DA:401,0
DA:402,0
DA:403,0
DA:404,0
DA:409,0
DA:410,0
DA:411,0
DA:412,0
DA:417,0
DA:418,0
DA:422,0
DA:423,0
DA:424,0
DA:425,0
DA:429,0
DA:430,0
DA:431,0
DA:437,0
DA:438,0
DA:439,0
DA:440,0
DA:444,0
DA:448,0
DA:449,0
DA:450,0
DA:451,0
DA:452,0
DA:457,0
DA:472,0
DA:473,0
DA:475,0
DA:476,0
DA:477,0
DA:480,0
DA:483,0
DA:489,0
DA:490,0
DA:496,0
DA:497,0
LF:151
LH:0
BRDA:108,0,0,0
BRDA:108,0,1,0
BRDA:115,1,0,0
BRDA:115,1,1,0
BRDA:135,2,0,0
BRDA:137,3,0,0
BRDA:137,3,1,0
BRDA:148,4,0,0
BRDA:148,4,1,0
BRDA:160,5,0,0
BRDA:160,5,1,0
BRDA:173,6,0,0
BRDA:173,6,1,0
BRDA:183,7,0,0
BRDA:183,7,1,0
BRDA:195,8,0,0
BRDA:195,8,1,0
BRDA:204,9,0,0
BRDA:204,9,1,0
BRDA:206,10,0,0
BRDA:206,10,1,0
BRDA:232,11,0,0
BRDA:232,11,1,0
BRDA:238,12,0,0
BRDA:238,12,1,0
BRDA:244,13,0,0
BRDA:244,13,1,0
BRDA:254,14,0,0
BRDA:254,14,1,0
BRDA:281,15,0,0
BRDA:284,16,0,0
BRDA:285,17,0,0
BRDA:286,18,0,0
BRDA:287,19,0,0
BRDA:288,20,0,0
BRDA:289,21,0,0
BRDA:291,22,0,0
BRDA:308,23,0,0
BRDA:309,24,0,0
BRDA:309,24,1,0
BRDA:315,25,0,0
BRDA:315,25,1,0
BRDA:318,26,0,0
BRDA:318,26,1,0
BRDA:330,27,0,0
BRDA:330,27,1,0
BRDA:339,28,0,0
BRDA:339,28,1,0
BRDA:339,29,0,0
BRDA:339,29,1,0
BRDA:339,29,2,0
BRDA:345,30,0,0
BRDA:345,30,1,0
BRDA:353,31,0,0
BRDA:353,31,1,0
BRDA:353,32,0,0
BRDA:353,32,1,0
BRDA:361,33,0,0
BRDA:361,33,1,0
BRDA:374,34,0,0
BRDA:374,34,1,0
BRDA:382,35,0,0
BRDA:382,35,1,0
BRDA:384,36,0,0
BRDA:384,36,1,0
BRDA:389,37,0,0
BRDA:389,37,1,0
BRDA:403,38,0,0
BRDA:403,38,1,0
BRDA:410,39,0,0
BRDA:410,39,1,0
BRDA:423,40,0,0
BRDA:423,40,1,0
BRDA:423,41,0,0
BRDA:423,41,1,0
BRDA:423,41,2,0
BRDA:430,42,0,0
BRDA:430,42,1,0
BRDA:439,43,0,0
BRDA:439,43,1,0
BRDA:451,44,0,0
BRDA:451,44,1,0
BRF:82
BRH:0
end_of_record
TN:
SF:hooks\useCourtManagement.ts
FN:25,(anonymous_0)
FN:31,(anonymous_1)
FN:48,(anonymous_2)
FN:121,(anonymous_3)
FN:134,(anonymous_4)
FN:136,(anonymous_5)
FN:172,(anonymous_6)
FN:187,(anonymous_7)
FN:200,(anonymous_8)
FN:211,(anonymous_9)
FN:217,(anonymous_10)
FN:236,(anonymous_11)
FN:240,(anonymous_12)
FN:245,(anonymous_13)
FNF:14
FNH:0
FNDA:0,(anonymous_0)
FNDA:0,(anonymous_1)
FNDA:0,(anonymous_2)
FNDA:0,(anonymous_3)
FNDA:0,(anonymous_4)
FNDA:0,(anonymous_5)
FNDA:0,(anonymous_6)
FNDA:0,(anonymous_7)
FNDA:0,(anonymous_8)
FNDA:0,(anonymous_9)
FNDA:0,(anonymous_10)
FNDA:0,(anonymous_11)
FNDA:0,(anonymous_12)
FNDA:0,(anonymous_13)
DA:25,0
DA:26,0
DA:27,0
DA:28,0
DA:31,0
DA:32,0
DA:33,0
DA:34,0
DA:35,0
DA:36,0
DA:37,0
DA:39,0
DA:48,0
DA:49,0
DA:50,0
DA:52,0
DA:112,0
DA:113,0
DA:114,0
DA:118,0
DA:121,0
DA:122,0
DA:124,0
DA:125,0
DA:128,0
DA:132,0
DA:134,0
DA:136,0
DA:141,0
DA:143,0
DA:144,0
DA:148,0
DA:149,0
DA:152,0
DA:153,0
DA:154,0
DA:155,0
DA:157,0
DA:161,0
DA:166,0
DA:168,0
DA:172,0
DA:173,0
DA:175,0
DA:176,0
DA:177,0
DA:180,0
DA:181,0
DA:182,0
DA:185,0
DA:187,0
DA:195,0
DA:198,0
DA:199,0
DA:200,0
DA:202,0
DA:203,0
DA:204,0
DA:205,0
DA:206,0
DA:207,0
DA:210,0
DA:211,0
DA:212,0
DA:214,0
DA:215,0
DA:217,0
DA:225,0
DA:234,0
DA:235,0
DA:236,0
DA:240,0
DA:241,0
DA:242,0
DA:245,0
DA:246,0
DA:247,0
DA:248,0
DA:249,0
DA:252,0
DA:255,0
DA:259,0
DA:261,0
DA:265,0
LF:84
LH:0
BRDA:26,0,0,0
BRDA:26,0,1,0
BRDA:27,1,0,0
BRDA:27,1,1,0
BRDA:49,2,0,0
BRDA:49,2,1,0
BRDA:113,3,0,0
BRDA:113,3,1,0
BRDA:122,4,0,0
BRDA:122,4,1,0
BRDA:141,5,0,0
BRDA:141,5,1,0
BRDA:154,6,0,0
BRDA:154,6,1,0
BRDA:154,7,0,0
BRDA:154,7,1,0
BRDA:173,8,0,0
BRDA:173,8,1,0
BRDA:182,9,0,0
BRDA:182,9,1,0
BRDA:192,10,0,0
BRDA:192,10,1,0
BRDA:192,10,2,0
BRDA:202,11,0,0
BRDA:202,11,1,0
BRDA:204,12,0,0
BRDA:204,12,1,0
BRDA:206,13,0,0
BRDA:206,13,1,0
BRDA:210,14,0,0
BRDA:210,14,1,0
BRDA:212,15,0,0
BRDA:212,15,1,0
BRDA:222,16,0,0
BRDA:222,16,1,0
BRDA:222,16,2,0
BRDA:235,17,0,0
BRDA:235,17,1,0
BRDA:241,18,0,0
BRDA:241,18,1,0
BRDA:242,19,0,0
BRDA:242,19,1,0
BRDA:247,20,0,0
BRDA:247,20,1,0
BRDA:248,21,0,0
BRDA:248,21,1,0
BRF:46
BRH:0
end_of_record
TN:
SF:hooks\useCurrentAssignment.ts
FN:17,(anonymous_0)
FN:89,(anonymous_1)
FN:102,(anonymous_2)
FN:108,(anonymous_3)
FN:109,(anonymous_4)
FN:113,(anonymous_5)
FN:126,(anonymous_6)
FN:134,(anonymous_7)
FN:142,(anonymous_8)
FN:150,(anonymous_9)
FN:156,(anonymous_10)
FNF:11
FNH:0
FNDA:0,(anonymous_0)
FNDA:0,(anonymous_1)
FNDA:0,(anonymous_2)
FNDA:0,(anonymous_3)
FNDA:0,(anonymous_4)
FNDA:0,(anonymous_5)
FNDA:0,(anonymous_6)
FNDA:0,(anonymous_7)
FNDA:0,(anonymous_8)
FNDA:0,(anonymous_9)
FNDA:0,(anonymous_10)
DA:17,0
DA:21,0
DA:30,0
DA:50,0
DA:89,0
DA:91,0
DA:92,0
DA:95,0
DA:96,0
DA:99,0
DA:102,0
DA:105,0
DA:108,0
DA:109,0
DA:111,0
DA:113,0
DA:115,0
DA:116,0
DA:118,0
DA:126,0
DA:134,0
DA:135,0
DA:140,0
DA:142,0
DA:150,0
DA:151,0
DA:154,0
DA:156,0
DA:159,0
LF:29
LH:0
BRDA:95,0,0,0
BRDA:95,0,1,0
BRDA:129,1,0,0
BRDA:129,1,1,0
BRDA:144,2,0,0
BRDA:144,2,1,0
BRF:6
BRH:0
end_of_record
TN:
SF:hooks\useDataFreshness.ts
FN:16,useDataFreshness
FN:23,(anonymous_1)
FN:29,(anonymous_2)
FN:35,(anonymous_3)
FN:48,(anonymous_4)
FN:103,(anonymous_5)
FN:107,(anonymous_6)
FN:116,getDataFreshnessLevel
FN:165,getRelativeTime
FNF:9
FNH:0
FNDA:0,useDataFreshness
FNDA:0,(anonymous_1)
FNDA:0,(anonymous_2)
FNDA:0,(anonymous_3)
FNDA:0,(anonymous_4)
FNDA:0,(anonymous_5)
FNDA:0,(anonymous_6)
FNDA:0,getDataFreshnessLevel
FNDA:0,getRelativeTime
DA:21,0
DA:23,0
DA:24,0
DA:25,0
DA:26,0
DA:29,0
DA:30,0
DA:31,0
DA:32,0
DA:35,0
DA:36,0
DA:37,0
DA:38,0
DA:39,0
DA:41,0
DA:42,0
DA:43,0
DA:44,0
DA:48,0
DA:49,0
DA:50,0
DA:51,0
DA:52,0
DA:56,0
DA:58,0
DA:59,0
DA:60,0
DA:63,0
DA:64,0
DA:65,0
DA:68,0
DA:69,0
DA:70,0
DA:73,0
DA:74,0
DA:75,0
DA:78,0
DA:81,0
DA:82,0
DA:83,0
DA:87,0
DA:88,0
DA:90,0
DA:100,0
DA:103,0
DA:104,0
DA:107,0
DA:110,0
DA:121,0
DA:122,0
DA:124,0
DA:125,0
DA:126,0
DA:127,0
DA:131,0
DA:133,0
DA:134,0
DA:135,0
DA:138,0
DA:139,0
DA:140,0
DA:143,0
DA:144,0
DA:145,0
DA:148,0
DA:149,0
DA:150,0
DA:153,0
DA:156,0
DA:157,0
DA:158,0
DA:166,0
DA:167,0
DA:168,0
DA:169,0
DA:170,0
DA:171,0
DA:173,0
DA:174,0
DA:175,0
DA:176,0
LF:81
LH:0
BRDA:19,0,0,0
BRDA:24,1,0,0
BRDA:24,1,1,0
BRDA:41,2,0,0
BRDA:41,2,1,0
BRDA:42,3,0,0
BRDA:42,3,1,0
BRDA:43,4,0,0
BRDA:43,4,1,0
BRDA:49,5,0,0
BRDA:49,5,1,0
BRDA:50,6,0,0
BRDA:50,6,1,0
BRDA:51,7,0,0
BRDA:51,7,1,0
BRDA:56,8,0,0
BRDA:56,8,1,0
BRDA:56,8,2,0
BRDA:56,8,3,0
BRDA:56,8,4,0
BRDA:56,8,5,0
BRDA:58,9,0,0
BRDA:58,9,1,0
BRDA:59,10,0,0
BRDA:59,10,1,0
BRDA:63,11,0,0
BRDA:63,11,1,0
BRDA:64,12,0,0
BRDA:64,12,1,0
BRDA:68,13,0,0
BRDA:68,13,1,0
BRDA:69,14,0,0
BRDA:69,14,1,0
BRDA:73,15,0,0
BRDA:73,15,1,0
BRDA:74,16,0,0
BRDA:74,16,1,0
BRDA:81,17,0,0
BRDA:81,17,1,0
BRDA:82,18,0,0
BRDA:82,18,1,0
BRDA:88,19,0,0
BRDA:88,19,1,0
BRDA:118,20,0,0
BRDA:124,21,0,0
BRDA:124,21,1,0
BRDA:125,22,0,0
BRDA:125,22,1,0
BRDA:126,23,0,0
BRDA:126,23,1,0
BRDA:131,24,0,0
BRDA:131,24,1,0
BRDA:131,24,2,0
BRDA:131,24,3,0
BRDA:131,24,4,0
BRDA:131,24,5,0
BRDA:133,25,0,0
BRDA:133,25,1,0
BRDA:134,26,0,0
BRDA:134,26,1,0
BRDA:138,27,0,0
BRDA:138,27,1,0
BRDA:139,28,0,0
BRDA:139,28,1,0
BRDA:143,29,0,0
BRDA:143,29,1,0
BRDA:144,30,0,0
BRDA:144,30,1,0
BRDA:148,31,0,0
BRDA:148,31,1,0
BRDA:149,32,0,0
BRDA:149,32,1,0
BRDA:156,33,0,0
BRDA:156,33,1,0
BRDA:157,34,0,0
BRDA:157,34,1,0
BRDA:173,35,0,0
BRDA:173,35,1,0
BRDA:173,36,0,0
BRDA:173,36,1,0
BRDA:174,37,0,0
BRDA:174,37,1,0
BRDA:174,38,0,0
BRDA:174,38,1,0
BRDA:175,39,0,0
BRDA:175,39,1,0
BRDA:175,40,0,0
BRDA:175,40,1,0
BRDA:176,41,0,0
BRDA:176,41,1,0
BRF:90
BRH:0
end_of_record
TN:
SF:hooks\useDataTransformation.ts
FN:79,(anonymous_0)
FN:99,(anonymous_1)
FN:111,(anonymous_2)
FN:113,(anonymous_3)
FN:166,(anonymous_4)
FN:172,(anonymous_5)
FN:181,(anonymous_6)
FN:187,(anonymous_7)
FN:278,(anonymous_8)
FN:293,(anonymous_9)
FN:309,(anonymous_10)
FN:315,(anonymous_11)
FN:317,(anonymous_12)
FN:342,(anonymous_13)
FN:407,(anonymous_14)
FN:414,(anonymous_15)
FNF:16
FNH:0
FNDA:0,(anonymous_0)
FNDA:0,(anonymous_1)
FNDA:0,(anonymous_2)
FNDA:0,(anonymous_3)
FNDA:0,(anonymous_4)
FNDA:0,(anonymous_5)
FNDA:0,(anonymous_6)
FNDA:0,(anonymous_7)
FNDA:0,(anonymous_8)
FNDA:0,(anonymous_9)
FNDA:0,(anonymous_10)
FNDA:0,(anonymous_11)
FNDA:0,(anonymous_12)
FNDA:0,(anonymous_13)
FNDA:0,(anonymous_14)
FNDA:0,(anonymous_15)
DA:74,0
DA:79,0
DA:84,0
DA:86,0
DA:87,0
DA:99,0
DA:109,0
DA:111,0
DA:113,0
DA:114,0
DA:116,0
DA:118,0
DA:119,0
DA:133,0
DA:134,0
DA:135,0
DA:136,0
DA:137,0
DA:151,0
DA:152,0
DA:153,0
DA:155,0
DA:156,0
DA:161,0
DA:162,0
DA:164,0
DA:166,0
DA:167,0
DA:169,0
DA:170,0
DA:172,0
DA:173,0
DA:175,0
DA:179,0
DA:181,0
DA:182,0
DA:184,0
DA:185,0
DA:187,0
DA:188,0
DA:190,0
DA:195,0
DA:196,0
DA:198,0
DA:199,0
DA:200,0
DA:202,0
DA:203,0
DA:206,0
DA:208,0
DA:209,0
DA:210,0
DA:212,0
DA:213,0
DA:220,0
DA:221,0
DA:222,0
DA:225,0
DA:228,0
DA:237,0
DA:250,0
DA:251,0
DA:260,0
DA:278,0
DA:283,0
DA:293,0
DA:298,0
DA:309,0
DA:314,0
DA:315,0
DA:317,0
DA:318,0
DA:319,0
DA:333,0
DA:334,0
DA:335,0
DA:336,0
DA:339,0
DA:340,0
DA:342,0
DA:343,0
DA:344,0
DA:345,0
DA:346,0
DA:349,0
DA:352,0
DA:353,0
DA:354,0
DA:355,0
DA:356,0
DA:359,0
DA:360,0
DA:361,0
DA:362,0
DA:366,0
DA:367,0
DA:370,0
DA:372,0
DA:373,0
DA:378,0
DA:380,0
DA:389,0
DA:407,0
DA:408,0
DA:414,0
DA:415,0
LF:106
LH:0
BRDA:84,0,0,0
BRDA:84,0,1,0
BRDA:86,1,0,0
BRDA:86,1,1,0
BRDA:102,2,0,0
BRDA:105,3,0,0
BRDA:107,4,0,0
BRDA:108,5,0,0
BRDA:118,6,0,0
BRDA:118,6,1,0
BRDA:118,7,0,0
BRDA:118,7,1,0
BRDA:118,7,2,0
BRDA:133,8,0,0
BRDA:133,8,1,0
BRDA:135,9,0,0
BRDA:135,9,1,0
BRDA:142,10,0,0
BRDA:142,10,1,0
BRDA:155,11,0,0
BRDA:155,11,1,0
BRDA:156,12,0,0
BRDA:156,12,1,0
BRDA:157,13,0,0
BRDA:157,13,1,0
BRDA:158,14,0,0
BRDA:158,14,1,0
BRDA:161,15,0,0
BRDA:161,15,1,0
BRDA:162,16,0,0
BRDA:162,16,1,0
BRDA:164,17,0,0
BRDA:164,17,1,0
BRDA:164,18,0,0
BRDA:164,18,1,0
BRDA:170,19,0,0
BRDA:170,19,1,0
BRDA:170,20,0,0
BRDA:170,20,1,0
BRDA:179,21,0,0
BRDA:179,21,1,0
BRDA:179,22,0,0
BRDA:179,22,1,0
BRDA:185,23,0,0
BRDA:185,23,1,0
BRDA:185,24,0,0
BRDA:185,24,1,0
BRDA:195,25,0,0
BRDA:195,25,1,0
BRDA:196,26,0,0
BRDA:196,26,1,0
BRDA:200,27,0,0
BRDA:200,27,1,0
BRDA:206,28,0,0
BRDA:206,28,1,0
BRDA:210,29,0,0
BRDA:210,29,1,0
BRDA:220,30,0,0
BRDA:220,30,1,0
BRDA:220,31,0,0
BRDA:220,31,1,0
BRDA:228,32,0,0
BRDA:228,32,1,0
BRDA:240,33,0,0
BRDA:240,33,1,0
BRDA:251,34,0,0
BRDA:251,34,1,0
BRDA:265,35,0,0
BRDA:265,35,1,0
BRDA:281,36,0,0
BRDA:296,37,0,0
BRDA:312,38,0,0
BRDA:314,39,0,0
BRDA:314,40,0,0
BRDA:318,41,0,0
BRDA:318,41,1,0
BRDA:318,42,0,0
BRDA:318,42,1,0
BRDA:344,43,0,0
BRDA:344,43,1,0
BRDA:352,44,0,0
BRDA:352,44,1,0
BRDA:353,45,0,0
BRDA:353,45,1,0
BRDA:355,46,0,0
BRDA:355,46,1,0
BRDA:359,47,0,0
BRDA:359,47,1,0
BRDA:361,48,0,0
BRDA:361,48,1,0
BRDA:366,49,0,0
BRDA:366,49,1,0
BRDA:372,50,0,0
BRDA:372,50,1,0
BRDA:380,51,0,0
BRDA:380,51,1,0
BRDA:392,52,0,0
BRDA:392,52,1,0
BRF:98
BRH:0
end_of_record
TN:
SF:hooks\useDateNavigation.ts
FN:18,(anonymous_0)
FN:21,(anonymous_1)
FN:31,(anonymous_2)
FN:34,(anonymous_3)
FN:38,(anonymous_4)
FN:43,(anonymous_5)
FN:67,(anonymous_6)
FNF:7
FNH:0
FNDA:0,(anonymous_0)
FNDA:0,(anonymous_1)
FNDA:0,(anonymous_2)
FNDA:0,(anonymous_3)
FNDA:0,(anonymous_4)
FNDA:0,(anonymous_5)
FNDA:0,(anonymous_6)
DA:18,0
DA:19,0
DA:21,0
DA:26,0
DA:28,0
DA:31,0
DA:32,0
DA:34,0
DA:38,0
DA:39,0
DA:40,0
DA:43,0
DA:44,0
DA:46,0
DA:48,0
DA:49,0
DA:51,0
DA:55,0
DA:56,0
DA:58,0
DA:62,0
DA:63,0
DA:67,0
DA:68,0
DA:69,0
DA:70,0
DA:71,0
DA:77,0
DA:81,0
LF:29
LH:0
BRDA:26,0,0,0
BRDA:26,0,1,0
BRDA:32,1,0,0
BRDA:32,1,1,0
BRDA:32,1,2,0
BRDA:32,1,3,0
BRDA:39,2,0,0
BRDA:39,2,1,0
BRDA:46,3,0,0
BRDA:46,3,1,0
BRDA:48,4,0,0
BRDA:48,4,1,0
BRDA:55,5,0,0
BRDA:55,5,1,0
BRDA:56,6,0,0
BRDA:56,6,1,0
BRDA:58,7,0,0
BRDA:58,7,1,0
BRDA:62,8,0,0
BRDA:62,8,1,0
BRDA:68,9,0,0
BRDA:68,9,1,0
BRF:22
BRH:0
end_of_record
TN:
SF:hooks\useLiveScores.ts
FN:93,getCacheConfiguration
FN:111,getStatusBasedCacheTime
FN:147,useLiveScores
FN:169,(anonymous_3)
FN:195,(anonymous_4)
FN:196,(anonymous_5)
FN:197,(anonymous_6)
FN:216,(anonymous_7)
FN:221,(anonymous_8)
FN:223,(anonymous_9)
FN:240,(anonymous_10)
FN:248,(anonymous_11)
FN:250,(anonymous_12)
FN:263,(anonymous_13)
FN:265,(anonymous_14)
FN:279,(anonymous_15)
FN:280,(anonymous_16)
FN:294,(anonymous_17)
FN:303,(anonymous_18)
FN:304,(anonymous_19)
FN:318,(anonymous_20)
FN:323,(anonymous_21)
FN:330,(anonymous_22)
FN:339,(anonymous_23)
FN:344,(anonymous_24)
FN:359,(anonymous_25)
FN:366,(anonymous_26)
FN:377,(anonymous_27)
FN:388,(anonymous_28)
FN:397,(anonymous_29)
FN:398,(anonymous_30)
FN:406,(anonymous_31)
FN:410,(anonymous_32)
FN:415,(anonymous_33)
FN:419,(anonymous_34)
FN:424,(anonymous_35)
FN:425,(anonymous_36)
FNF:37
FNH:0
FNDA:0,getCacheConfiguration
FNDA:0,getStatusBasedCacheTime
FNDA:0,useLiveScores
FNDA:0,(anonymous_3)
FNDA:0,(anonymous_4)
FNDA:0,(anonymous_5)
FNDA:0,(anonymous_6)
FNDA:0,(anonymous_7)
FNDA:0,(anonymous_8)
FNDA:0,(anonymous_9)
FNDA:0,(anonymous_10)
FNDA:0,(anonymous_11)
FNDA:0,(anonymous_12)
FNDA:0,(anonymous_13)
FNDA:0,(anonymous_14)
FNDA:0,(anonymous_15)
FNDA:0,(anonymous_16)
FNDA:0,(anonymous_17)
FNDA:0,(anonymous_18)
FNDA:0,(anonymous_19)
FNDA:0,(anonymous_20)
FNDA:0,(anonymous_21)
FNDA:0,(anonymous_22)
FNDA:0,(anonymous_23)
FNDA:0,(anonymous_24)
FNDA:0,(anonymous_25)
FNDA:0,(anonymous_26)
FNDA:0,(anonymous_27)
FNDA:0,(anonymous_28)
FNDA:0,(anonymous_29)
FNDA:0,(anonymous_30)
FNDA:0,(anonymous_31)
FNDA:0,(anonymous_32)
FNDA:0,(anonymous_33)
FNDA:0,(anonymous_34)
FNDA:0,(anonymous_35)
FNDA:0,(anonymous_36)
DA:94,0
DA:95,0
DA:102,0
DA:112,0
DA:113,0
DA:116,0
DA:117,0
DA:119,0
DA:121,0
DA:127,0
DA:133,0
DA:139,0
DA:155,0
DA:158,0
DA:159,0
DA:160,0
DA:163,0
DA:164,0
DA:165,0
DA:166,0
DA:169,0
DA:170,0
DA:171,0
DA:172,0
DA:175,0
DA:183,0
DA:188,0
DA:189,0
DA:195,0
DA:196,0
DA:197,0
DA:209,0
DA:210,0
DA:216,0
DA:217,0
DA:218,0
DA:221,0
DA:223,0
DA:234,0
DA:235,0
DA:240,0
DA:241,0
DA:242,0
DA:245,0
DA:248,0
DA:249,0
DA:250,0
DA:251,0
DA:252,0
DA:258,0
DA:263,0
DA:264,0
DA:265,0
DA:266,0
DA:275,0
DA:279,0
DA:280,0
DA:281,0
DA:282,0
DA:285,0
DA:286,0
DA:287,0
DA:289,0
DA:294,0
DA:295,0
DA:296,0
DA:299,0
DA:303,0
DA:304,0
DA:305,0
DA:307,0
DA:308,0
DA:310,0
DA:312,0
DA:314,0
DA:317,0
DA:318,0
DA:322,0
DA:325,0
DA:326,0
DA:327,0
DA:330,0
DA:332,0
DA:333,0
DA:339,0
DA:340,0
DA:341,0
DA:344,0
DA:354,0
DA:355,0
DA:359,0
DA:360,0
DA:361,0
DA:364,0
DA:366,0
DA:377,0
DA:378,0
DA:379,0
DA:380,0
DA:384,0
DA:388,0
DA:389,0
DA:390,0
DA:392,0
DA:397,0
DA:398,0
DA:399,0
DA:400,0
DA:406,0
DA:407,0
DA:410,0
DA:411,0
DA:415,0
DA:416,0
DA:419,0
DA:420,0
DA:424,0
DA:425,0
DA:427,0
LF:119
LH:0
BRDA:94,0,0,0
BRDA:94,0,1,0
BRDA:96,1,0,0
BRDA:96,1,1,0
BRDA:97,2,0,0
BRDA:97,2,1,0
BRDA:103,3,0,0
BRDA:103,3,1,0
BRDA:104,4,0,0
BRDA:104,4,1,0
BRDA:112,5,0,0
BRDA:112,5,1,0
BRDA:119,6,0,0
BRDA:119,6,1,0
BRDA:119,6,2,0
BRDA:119,6,3,0
BRDA:150,7,0,0
BRDA:152,8,0,0
BRDA:170,9,0,0
BRDA:170,9,1,0
BRDA:171,10,0,0
BRDA:171,10,1,0
BRDA:201,11,0,0
BRDA:201,11,1,0
BRDA:201,12,0,0
BRDA:201,12,1,0
BRDA:202,13,0,0
BRDA:202,13,1,0
BRDA:204,14,0,0
BRDA:204,14,1,0
BRDA:204,15,0,0
BRDA:204,15,1,0
BRDA:209,16,0,0
BRDA:209,16,1,0
BRDA:217,17,0,0
BRDA:217,17,1,0
BRDA:217,18,0,0
BRDA:217,18,1,0
BRDA:217,18,2,0
BRDA:241,19,0,0
BRDA:241,19,1,0
BRDA:268,20,0,0
BRDA:268,20,1,0
BRDA:281,21,0,0
BRDA:281,21,1,0
BRDA:285,22,0,0
BRDA:285,22,1,0
BRDA:287,23,0,0
BRDA:287,23,1,0
BRDA:287,24,0,0
BRDA:287,24,1,0
BRDA:295,25,0,0
BRDA:295,25,1,0
BRDA:305,26,0,0
BRDA:305,26,1,0
BRDA:305,27,0,0
BRDA:305,27,1,0
BRDA:307,28,0,0
BRDA:307,28,1,0
BRDA:307,29,0,0
BRDA:307,29,1,0
BRDA:307,29,2,0
BRDA:310,30,0,0
BRDA:310,30,1,0
BRDA:326,31,0,0
BRDA:326,31,1,0
BRDA:326,32,0,0
BRDA:326,32,1,0
BRDA:340,33,0,0
BRDA:340,33,1,0
BRDA:340,34,0,0
BRDA:340,34,1,0
BRDA:340,34,2,0
BRDA:360,35,0,0
BRDA:360,35,1,0
BRDA:379,36,0,0
BRDA:379,36,1,0
BRDA:384,37,0,0
BRDA:384,37,1,0
BRDA:389,38,0,0
BRDA:389,38,1,0
BRDA:389,39,0,0
BRDA:389,39,1,0
BRDA:399,40,0,0
BRDA:399,40,1,0
BRDA:416,41,0,0
BRDA:416,41,1,0
BRDA:420,42,0,0
BRDA:420,42,1,0
BRF:89
BRH:0
end_of_record
TN:
SF:hooks\useMatches.ts
FN:51,useMatches
FN:81,(anonymous_1)
FN:90,(anonymous_2)
FN:114,(anonymous_3)
FN:118,(anonymous_4)
FN:124,(anonymous_5)
FN:133,(anonymous_6)
FN:164,(anonymous_7)
FN:199,(anonymous_8)
FN:201,(anonymous_9)
FN:229,(anonymous_10)
FN:239,(anonymous_11)
FN:249,(anonymous_12)
FN:250,(anonymous_13)
FN:257,(anonymous_14)
FN:262,(anonymous_15)
FN:271,(anonymous_16)
FN:272,(anonymous_17)
FN:282,(anonymous_18)
FN:283,(anonymous_19)
FN:293,(anonymous_20)
FN:294,(anonymous_21)
FN:302,(anonymous_22)
FN:303,(anonymous_23)
FNF:24
FNH:0
FNDA:0,useMatches
FNDA:0,(anonymous_1)
FNDA:0,(anonymous_2)
FNDA:0,(anonymous_3)
FNDA:0,(anonymous_4)
FNDA:0,(anonymous_5)
FNDA:0,(anonymous_6)
FNDA:0,(anonymous_7)
FNDA:0,(anonymous_8)
FNDA:0,(anonymous_9)
FNDA:0,(anonymous_10)
FNDA:0,(anonymous_11)
FNDA:0,(anonymous_12)
FNDA:0,(anonymous_13)
FNDA:0,(anonymous_14)
FNDA:0,(anonymous_15)
FNDA:0,(anonymous_16)
FNDA:0,(anonymous_17)
FNDA:0,(anonymous_18)
FNDA:0,(anonymous_19)
FNDA:0,(anonymous_20)
FNDA:0,(anonymous_21)
FNDA:0,(anonymous_22)
FNDA:0,(anonymous_23)
DA:55,0
DA:67,0
DA:75,0
DA:77,0
DA:78,0
DA:81,0
DA:82,0
DA:90,0
DA:91,0
DA:94,0
DA:95,0
DA:98,0
DA:99,0
DA:100,0
DA:101,0
DA:105,0
DA:108,0
DA:111,0
DA:114,0
DA:115,0
DA:116,0
DA:120,0
DA:124,0
DA:125,0
DA:126,0
DA:133,0
DA:134,0
DA:136,0
DA:137,0
DA:138,0
DA:141,0
DA:147,0
DA:148,0
DA:157,0
DA:158,0
DA:161,0
DA:164,0
DA:165,0
DA:168,0
DA:169,0
DA:171,0
DA:175,0
DA:176,0
DA:179,0
DA:181,0
DA:184,0
DA:185,0
DA:194,0
DA:199,0
DA:201,0
DA:202,0
DA:203,0
DA:204,0
DA:209,0
DA:214,0
DA:221,0
DA:222,0
DA:223,0
DA:224,0
DA:227,0
DA:231,0
DA:232,0
DA:235,0
DA:237,0
DA:241,0
DA:242,0
DA:249,0
DA:250,0
DA:257,0
DA:258,0
DA:262,0
DA:264,0
DA:267,0
DA:271,0
DA:272,0
DA:278,0
DA:282,0
DA:283,0
DA:289,0
DA:293,0
DA:294,0
DA:302,0
DA:303,0
DA:310,0
LF:84
LH:0
BRDA:53,0,0,0
BRDA:91,1,0,0
BRDA:91,1,1,0
BRDA:94,2,0,0
BRDA:94,2,1,0
BRDA:94,3,0,0
BRDA:94,3,1,0
BRDA:95,4,0,0
BRDA:95,4,1,0
BRDA:95,5,0,0
BRDA:95,5,1,0
BRDA:98,6,0,0
BRDA:98,6,1,0
BRDA:100,7,0,0
BRDA:100,7,1,0
BRDA:101,8,0,0
BRDA:101,8,1,0
BRDA:115,9,0,0
BRDA:115,9,1,0
BRDA:115,10,0,0
BRDA:115,10,1,0
BRDA:115,10,2,0
BRDA:125,11,0,0
BRDA:125,11,1,0
BRDA:147,12,0,0
BRDA:147,12,1,0
BRDA:153,13,0,0
BRDA:153,13,1,0
BRDA:157,14,0,0
BRDA:157,14,1,0
BRDA:161,15,0,0
BRDA:161,15,1,0
BRDA:165,16,0,0
BRDA:165,16,1,0
BRDA:168,17,0,0
BRDA:168,17,1,0
BRDA:168,18,0,0
BRDA:168,18,1,0
BRDA:175,19,0,0
BRDA:175,19,1,0
BRDA:184,20,0,0
BRDA:184,20,1,0
BRDA:202,21,0,0
BRDA:202,21,1,0
BRDA:203,22,0,0
BRDA:203,22,1,0
BRDA:209,23,0,0
BRDA:209,23,1,0
BRDA:209,23,2,0
BRDA:221,24,0,0
BRDA:221,24,1,0
BRDA:221,25,0,0
BRDA:221,25,1,0
BRDA:222,26,0,0
BRDA:222,26,1,0
BRDA:231,27,0,0
BRDA:231,27,1,0
BRDA:232,28,0,0
BRDA:232,28,1,0
BRDA:235,29,0,0
BRDA:235,29,1,0
BRDA:241,30,0,0
BRDA:241,30,1,0
BRF:63
BRH:0
end_of_record
TN:
SF:hooks\useMatchesHybrid.ts
FN:43,useMatchesHybrid
FN:71,(anonymous_1)
FN:104,(anonymous_2)
FN:135,(anonymous_3)
FN:166,(anonymous_4)
FN:176,(anonymous_5)
FN:187,(anonymous_6)
FN:188,(anonymous_7)
FN:195,(anonymous_8)
FN:200,(anonymous_9)
FN:206,(anonymous_10)
FN:207,(anonymous_11)
FN:216,(anonymous_12)
FN:217,(anonymous_13)
FNF:14
FNH:0
FNDA:0,useMatchesHybrid
FNDA:0,(anonymous_1)
FNDA:0,(anonymous_2)
FNDA:0,(anonymous_3)
FNDA:0,(anonymous_4)
FNDA:0,(anonymous_5)
FNDA:0,(anonymous_6)
FNDA:0,(anonymous_7)
FNDA:0,(anonymous_8)
FNDA:0,(anonymous_9)
FNDA:0,(anonymous_10)
FNDA:0,(anonymous_11)
FNDA:0,(anonymous_12)
FNDA:0,(anonymous_13)
DA:47,0
DA:58,0
DA:66,0
DA:68,0
DA:71,0
DA:72,0
DA:80,0
DA:85,0
DA:89,0
DA:94,0
DA:102,0
DA:105,0
DA:107,0
DA:108,0
DA:109,0
DA:112,0
DA:118,0
DA:119,0
DA:128,0
DA:129,0
DA:132,0
DA:135,0
DA:136,0
DA:139,0
DA:140,0
DA:142,0
DA:145,0
DA:147,0
DA:150,0
DA:151,0
DA:160,0
DA:168,0
DA:169,0
DA:172,0
DA:174,0
DA:178,0
DA:179,0
DA:187,0
DA:188,0
DA:195,0
DA:196,0
DA:200,0
DA:201,0
DA:202,0
DA:206,0
DA:207,0
DA:212,0
DA:216,0
DA:217,0
DA:222,0
DA:225,0
LF:51
LH:0
BRDA:45,0,0,0
BRDA:80,1,0,0
BRDA:80,1,1,0
BRDA:80,1,2,0
BRDA:85,2,0,0
BRDA:85,2,1,0
BRDA:85,3,0,0
BRDA:85,3,1,0
BRDA:89,4,0,0
BRDA:89,4,1,0
BRDA:89,5,0,0
BRDA:89,5,1,0
BRDA:90,6,0,0
BRDA:90,6,1,0
BRDA:118,7,0,0
BRDA:118,7,1,0
BRDA:124,8,0,0
BRDA:124,8,1,0
BRDA:128,9,0,0
BRDA:128,9,1,0
BRDA:132,10,0,0
BRDA:132,10,1,0
BRDA:136,11,0,0
BRDA:136,11,1,0
BRDA:139,12,0,0
BRDA:139,12,1,0
BRDA:139,13,0,0
BRDA:139,13,1,0
BRDA:150,14,0,0
BRDA:150,14,1,0
BRDA:168,15,0,0
BRDA:168,15,1,0
BRDA:169,16,0,0
BRDA:169,16,1,0
BRDA:172,17,0,0
BRDA:172,17,1,0
BRDA:178,18,0,0
BRDA:178,18,1,0
BRDA:183,19,0,0
BRDA:183,19,1,0
BRF:40
BRH:0
end_of_record
TN:
SF:hooks\useNetworkState.ts
FN:63,useNetworkState
FN:75,(anonymous_1)
FN:79,(anonymous_2)
FN:108,(anonymous_3)
FN:129,(anonymous_4)
FN:137,(anonymous_5)
FN:169,(anonymous_6)
FN:190,(anonymous_7)
FN:231,useNetworkConnectivity
FN:251,useConnectionQuality
FN:283,useAdaptiveConnection
FNF:11
FNH:0
FNDA:0,useNetworkState
FNDA:0,(anonymous_1)
FNDA:0,(anonymous_2)
FNDA:0,(anonymous_3)
FNDA:0,(anonymous_4)
FNDA:0,(anonymous_5)
FNDA:0,(anonymous_6)
FNDA:0,(anonymous_7)
FNDA:0,useNetworkConnectivity
FNDA:0,useConnectionQuality
FNDA:0,useAdaptiveConnection
DA:64,0
DA:65,0
DA:66,0
DA:72,0
DA:73,0
DA:75,0
DA:76,0
DA:79,0
DA:80,0
DA:82,0
DA:85,0
DA:86,0
DA:87,0
DA:89,0
DA:90,0
DA:91,0
DA:92,0
DA:93,0
DA:103,0
DA:108,0
DA:109,0
DA:110,0
DA:111,0
DA:114,0
DA:115,0
DA:126,0
DA:129,0
DA:130,0
DA:131,0
DA:132,0
DA:137,0
DA:138,0
DA:139,0
DA:144,0
DA:145,0
DA:146,0
DA:147,0
DA:148,0
DA:149,0
DA:150,0
DA:152,0
DA:161,0
DA:162,0
DA:169,0
DA:170,0
DA:171,0
DA:174,0
DA:175,0
DA:176,0
DA:178,0
DA:179,0
DA:180,0
DA:181,0
DA:186,0
DA:190,0
DA:191,0
DA:194,0
DA:237,0
DA:239,0
DA:263,0
DA:265,0
DA:299,0
DA:301,0
LF:63
LH:0
BRDA:130,0,0,0
BRDA:130,0,1,0
BRDA:144,1,0,0
BRDA:144,1,1,0
BRDA:147,2,0,0
BRDA:147,2,1,0
BRDA:148,3,0,0
BRDA:148,3,1,0
BRDA:149,4,0,0
BRDA:149,4,1,0
BRDA:150,5,0,0
BRDA:150,5,1,0
BRDA:157,6,0,0
BRDA:157,6,1,0
BRDA:267,7,0,0
BRDA:267,7,1,0
BRDA:268,8,0,0
BRDA:268,8,1,0
BRDA:269,9,0,0
BRDA:269,9,1,0
BRDA:271,10,0,0
BRDA:271,10,1,0
BRDA:272,11,0,0
BRDA:272,11,1,0
BRDA:273,12,0,0
BRDA:273,12,1,0
BRF:26
BRH:0
end_of_record
TN:
SF:hooks\useNetworkStatus.ts
FN:8,useNetworkStatus
FN:12,(anonymous_1)
FN:20,(anonymous_2)
FNF:3
FNH:0
FNDA:0,useNetworkStatus
FNDA:0,(anonymous_1)
FNDA:0,(anonymous_2)
DA:9,0
DA:10,0
DA:12,0
DA:13,0
DA:16,0
DA:17,0
DA:20,0
DA:21,0
DA:24,0
DA:27,0
LF:10
LH:0
BRF:0
BRH:0
end_of_record
TN:
SF:hooks\useOfflineStatus.ts
FN:20,useOfflineStatus
FN:27,(anonymous_1)
FN:68,useIsOfflineData
FNF:3
FNH:0
FNDA:0,useOfflineStatus
FNDA:0,(anonymous_1)
FNDA:0,useIsOfflineData
DA:21,0
DA:22,0
DA:27,0
DA:28,0
DA:29,0
DA:36,0
DA:37,0
DA:38,0
DA:41,0
DA:43,0
DA:53,0
DA:57,0
DA:69,0
DA:71,0
DA:73,0
DA:74,0
DA:76,0
LF:17
LH:0
BRDA:28,0,0,0
BRDA:28,0,1,0
BRDA:37,1,0,0
BRDA:37,1,1,0
BRDA:37,1,2,0
BRDA:37,1,3,0
BRDA:38,2,0,0
BRDA:38,2,1,0
BRDA:53,3,0,0
BRDA:53,3,1,0
BRDA:53,3,2,0
BRDA:53,3,3,0
BRDA:71,4,0,0
BRDA:71,4,1,0
BRDA:73,5,0,0
BRDA:73,5,1,0
BRDA:74,6,0,0
BRDA:74,6,1,0
BRDA:76,7,0,0
BRDA:76,7,1,0
BRF:20
BRH:0
end_of_record
TN:
SF:hooks\useOfflineSync.ts
FN:57,useOfflineSync
FN:93,(anonymous_1)
FN:94,(anonymous_2)
FN:99,(anonymous_3)
FN:100,(anonymous_4)
FN:113,(anonymous_5)
FN:116,(anonymous_6)
FN:122,(anonymous_7)
FN:129,(anonymous_8)
FN:131,(anonymous_9)
FN:151,(anonymous_10)
FN:167,(anonymous_11)
FN:183,(anonymous_12)
FN:186,(anonymous_13)
FN:193,(anonymous_14)
FN:202,(anonymous_15)
FN:205,(anonymous_16)
FN:220,(anonymous_17)
FN:225,(anonymous_18)
FN:241,(anonymous_19)
FN:261,(anonymous_20)
FN:270,(anonymous_21)
FN:289,(anonymous_22)
FN:300,(anonymous_23)
FN:317,(anonymous_24)
FN:322,(anonymous_25)
FN:328,(anonymous_26)
FN:333,(anonymous_27)
FN:338,(anonymous_28)
FN:343,(anonymous_29)
FN:348,(anonymous_30)
FN:354,(anonymous_31)
FN:361,(anonymous_32)
FN:366,(anonymous_33)
FNF:34
FNH:0
FNDA:0,useOfflineSync
FNDA:0,(anonymous_1)
FNDA:0,(anonymous_2)
FNDA:0,(anonymous_3)
FNDA:0,(anonymous_4)
FNDA:0,(anonymous_5)
FNDA:0,(anonymous_6)
FNDA:0,(anonymous_7)
FNDA:0,(anonymous_8)
FNDA:0,(anonymous_9)
FNDA:0,(anonymous_10)
FNDA:0,(anonymous_11)
FNDA:0,(anonymous_12)
FNDA:0,(anonymous_13)
FNDA:0,(anonymous_14)
FNDA:0,(anonymous_15)
FNDA:0,(anonymous_16)
FNDA:0,(anonymous_17)
FNDA:0,(anonymous_18)
FNDA:0,(anonymous_19)
FNDA:0,(anonymous_20)
FNDA:0,(anonymous_21)
FNDA:0,(anonymous_22)
FNDA:0,(anonymous_23)
FNDA:0,(anonymous_24)
FNDA:0,(anonymous_25)
FNDA:0,(anonymous_26)
FNDA:0,(anonymous_27)
FNDA:0,(anonymous_28)
FNDA:0,(anonymous_29)
FNDA:0,(anonymous_30)
FNDA:0,(anonymous_31)
FNDA:0,(anonymous_32)
FNDA:0,(anonymous_33)
DA:58,0
DA:70,0
DA:79,0
DA:80,0
DA:81,0
DA:84,0
DA:85,0
DA:88,0
DA:89,0
DA:90,0
DA:93,0
DA:94,0
DA:96,0
DA:99,0
DA:100,0
DA:107,0
DA:108,0
DA:110,0
DA:111,0
DA:113,0
DA:114,0
DA:115,0
DA:116,0
DA:121,0
DA:122,0
DA:123,0
DA:129,0
DA:131,0
DA:132,0
DA:134,0
DA:135,0
DA:137,0
DA:147,0
DA:149,0
DA:150,0
DA:151,0
DA:156,0
DA:157,0
DA:161,0
DA:162,0
DA:165,0
DA:167,0
DA:169,0
DA:170,0
DA:172,0
DA:173,0
DA:175,0
DA:176,0
DA:178,0
DA:183,0
DA:184,0
DA:185,0
DA:186,0
DA:193,0
DA:202,0
DA:203,0
DA:205,0
DA:214,0
DA:215,0
DA:220,0
DA:221,0
DA:222,0
DA:225,0
DA:227,0
DA:228,0
DA:229,0
DA:232,0
DA:234,0
DA:235,0
DA:238,0
DA:241,0
DA:249,0
DA:250,0
DA:259,0
DA:260,0
DA:261,0
DA:262,0
DA:263,0
DA:268,0
DA:270,0
DA:277,0
DA:278,0
DA:287,0
DA:288,0
DA:289,0
DA:290,0
DA:291,0
DA:295,0
DA:300,0
DA:305,0
DA:313,0
DA:315,0
DA:316,0
DA:317,0
DA:322,0
DA:323,0
DA:324,0
DA:326,0
DA:327,0
DA:328,0
DA:333,0
DA:334,0
DA:335,0
DA:338,0
DA:339,0
DA:341,0
DA:342,0
DA:343,0
DA:348,0
DA:349,0
DA:350,0
DA:354,0
DA:357,0
DA:361,0
DA:362,0
DA:365,0
DA:366,0
DA:374,0
DA:384,0
LF:119
LH:0
BRDA:57,0,0,0
BRDA:107,1,0,0
BRDA:107,1,1,0
BRDA:110,2,0,0
BRDA:110,2,1,0
BRDA:110,3,0,0
BRDA:110,3,1,0
BRDA:114,4,0,0
BRDA:114,4,1,0
BRDA:121,5,0,0
BRDA:121,5,1,0
BRDA:121,6,0,0
BRDA:121,6,1,0
BRDA:121,6,2,0
BRDA:132,7,0,0
BRDA:132,7,1,0
BRDA:135,8,0,0
BRDA:135,8,1,0
BRDA:149,9,0,0
BRDA:149,9,1,0
BRDA:156,10,0,0
BRDA:156,10,1,0
BRDA:169,11,0,0
BRDA:169,11,1,0
BRDA:172,12,0,0
BRDA:172,12,1,0
BRDA:175,13,0,0
BRDA:175,13,1,0
BRDA:209,14,0,0
BRDA:209,14,1,0
BRDA:214,15,0,0
BRDA:214,15,1,0
BRDA:221,16,0,0
BRDA:221,16,1,0
BRDA:227,17,0,0
BRDA:227,17,1,0
BRDA:249,18,0,0
BRDA:249,18,1,0
BRDA:259,19,0,0
BRDA:259,19,1,0
BRDA:268,20,0,0
BRDA:268,20,1,0
BRDA:277,21,0,0
BRDA:277,21,1,0
BRDA:287,22,0,0
BRDA:287,22,1,0
BRDA:315,23,0,0
BRDA:315,23,1,0
BRDA:315,24,0,0
BRDA:315,24,1,0
BRDA:326,25,0,0
BRDA:326,25,1,0
BRDA:334,26,0,0
BRDA:334,26,1,0
BRDA:341,27,0,0
BRDA:341,27,1,0
BRDA:368,28,0,0
BRDA:368,28,1,0
BRF:58
BRH:0
end_of_record
TN:
SF:hooks\usePartialData.ts
FN:19,usePartialData
FN:34,(anonymous_1)
FN:35,(anonymous_2)
FN:37,(anonymous_3)
FN:43,(anonymous_4)
FN:76,useMissingMatches
FN:89,(anonymous_6)
FN:109,useGracefulFallback
FN:132,useDataCompleteness
FN:144,(anonymous_9)
FN:158,(anonymous_10)
FNF:11
FNH:0
FNDA:0,usePartialData
FNDA:0,(anonymous_1)
FNDA:0,(anonymous_2)
FNDA:0,(anonymous_3)
FNDA:0,(anonymous_4)
FNDA:0,useMissingMatches
FNDA:0,(anonymous_6)
FNDA:0,useGracefulFallback
FNDA:0,useDataCompleteness
FNDA:0,(anonymous_9)
FNDA:0,(anonymous_10)
DA:24,0
DA:25,0
DA:34,0
DA:35,0
DA:36,0
DA:37,0
DA:39,0
DA:42,0
DA:43,0
DA:44,0
DA:47,0
DA:48,0
DA:51,0
DA:54,0
DA:56,0
DA:67,0
DA:70,0
DA:81,0
DA:82,0
DA:89,0
DA:90,0
DA:91,0
DA:92,0
DA:93,0
DA:95,0
DA:103,0
DA:119,0
DA:121,0
DA:142,0
DA:144,0
DA:145,0
DA:146,0
DA:148,0
DA:149,0
DA:150,0
DA:151,0
DA:152,0
DA:155,0
DA:156,0
DA:158,0
DA:159,0
DA:161,0
DA:163,0
DA:165,0
DA:167,0
DA:171,0
LF:46
LH:0
BRDA:42,0,0,0
BRDA:42,0,1,0
BRDA:51,1,0,0
BRDA:51,1,1,0
BRDA:52,2,0,0
BRDA:52,2,1,0
BRDA:54,3,0,0
BRDA:54,3,1,0
BRDA:54,3,2,0
BRDA:85,4,0,0
BRDA:85,4,1,0
BRDA:91,5,0,0
BRDA:91,5,1,0
BRDA:92,6,0,0
BRDA:92,6,1,0
BRDA:93,7,0,0
BRDA:93,7,1,0
BRDA:122,8,0,0
BRDA:122,8,1,0
BRDA:123,9,0,0
BRDA:123,9,1,0
BRDA:125,10,0,0
BRDA:125,10,1,0
BRDA:145,11,0,0
BRDA:145,11,1,0
BRDA:146,12,0,0
BRDA:146,12,1,0
BRDA:149,13,0,0
BRDA:149,13,1,0
BRDA:150,14,0,0
BRDA:150,14,1,0
BRDA:151,15,0,0
BRDA:151,15,1,0
BRDA:159,16,0,0
BRDA:159,16,1,0
BRDA:159,16,2,0
BRDA:159,16,3,0
BRDA:175,17,0,0
BRDA:175,17,1,0
BRF:39
BRH:0
end_of_record
TN:
SF:hooks\usePerformanceMonitoring.ts
FN:132,(anonymous_0)
FN:141,(anonymous_1)
FN:147,(anonymous_2)
FN:148,(anonymous_3)
FN:158,(anonymous_4)
FN:159,(anonymous_5)
FN:165,(anonymous_6)
FN:175,(anonymous_7)
FN:176,(anonymous_8)
FN:176,(anonymous_9)
FN:177,(anonymous_10)
FN:205,(anonymous_11)
FN:207,(anonymous_12)
FN:213,(anonymous_13)
FN:215,(anonymous_14)
FN:221,(anonymous_15)
FN:236,(anonymous_16)
FN:262,(anonymous_17)
FN:291,(anonymous_18)
FN:332,(anonymous_19)
FN:339,(anonymous_20)
FN:359,(anonymous_21)
FN:364,(anonymous_22)
FN:369,(anonymous_23)
FN:383,(anonymous_24)
FN:393,(anonymous_25)
FN:398,(anonymous_26)
FN:400,(anonymous_27)
FN:406,(anonymous_28)
FN:415,(anonymous_29)
FN:418,(anonymous_30)
FN:420,(anonymous_31)
FN:425,(anonymous_32)
FN:428,(anonymous_33)
FN:429,(anonymous_34)
FN:432,(anonymous_35)
FN:435,(anonymous_36)
FN:439,(anonymous_37)
FN:461,(anonymous_38)
FN:465,(anonymous_39)
FN:466,(anonymous_40)
FN:494,(anonymous_41)
FN:505,(anonymous_42)
FN:506,(anonymous_43)
FN:507,(anonymous_44)
FN:510,(anonymous_45)
FN:518,(anonymous_46)
FN:540,(anonymous_47)
FN:547,(anonymous_48)
FNF:49
FNH:0
FNDA:0,(anonymous_0)
FNDA:0,(anonymous_1)
FNDA:0,(anonymous_2)
FNDA:0,(anonymous_3)
FNDA:0,(anonymous_4)
FNDA:0,(anonymous_5)
FNDA:0,(anonymous_6)
FNDA:0,(anonymous_7)
FNDA:0,(anonymous_8)
FNDA:0,(anonymous_9)
FNDA:0,(anonymous_10)
FNDA:0,(anonymous_11)
FNDA:0,(anonymous_12)
FNDA:0,(anonymous_13)
FNDA:0,(anonymous_14)
FNDA:0,(anonymous_15)
FNDA:0,(anonymous_16)
FNDA:0,(anonymous_17)
FNDA:0,(anonymous_18)
FNDA:0,(anonymous_19)
FNDA:0,(anonymous_20)
FNDA:0,(anonymous_21)
FNDA:0,(anonymous_22)
FNDA:0,(anonymous_23)
FNDA:0,(anonymous_24)
FNDA:0,(anonymous_25)
FNDA:0,(anonymous_26)
FNDA:0,(anonymous_27)
FNDA:0,(anonymous_28)
FNDA:0,(anonymous_29)
FNDA:0,(anonymous_30)
FNDA:0,(anonymous_31)
FNDA:0,(anonymous_32)
FNDA:0,(anonymous_33)
FNDA:0,(anonymous_34)
FNDA:0,(anonymous_35)
FNDA:0,(anonymous_36)
FNDA:0,(anonymous_37)
FNDA:0,(anonymous_38)
FNDA:0,(anonymous_39)
FNDA:0,(anonymous_40)
FNDA:0,(anonymous_41)
FNDA:0,(anonymous_42)
FNDA:0,(anonymous_43)
FNDA:0,(anonymous_44)
FNDA:0,(anonymous_45)
FNDA:0,(anonymous_46)
FNDA:0,(anonymous_47)
FNDA:0,(anonymous_48)
DA:125,0
DA:126,0
DA:127,0
DA:133,0
DA:136,0
DA:137,0
DA:141,0
DA:148,0
DA:149,0
DA:150,0
DA:151,0
DA:159,0
DA:160,0
DA:165,0
DA:166,0
DA:171,0
DA:172,0
DA:175,0
DA:176,0
DA:177,0
DA:178,0
DA:179,0
DA:181,0
DA:184,0
DA:185,0
DA:187,0
DA:188,0
DA:191,0
DA:206,0
DA:207,0
DA:214,0
DA:215,0
DA:222,0
DA:227,0
DA:236,0
DA:246,0
DA:248,0
DA:249,0
DA:250,0
DA:257,0
DA:258,0
DA:259,0
DA:262,0
DA:263,0
DA:264,0
DA:266,0
DA:280,0
DA:281,0
DA:282,0
DA:285,0
DA:291,0
DA:299,0
DA:301,0
DA:315,0
DA:318,0
DA:319,0
DA:323,0
DA:326,0
DA:327,0
DA:332,0
DA:336,0
DA:337,0
DA:339,0
DA:340,0
DA:341,0
DA:342,0
DA:343,0
DA:345,0
DA:352,0
DA:353,0
DA:359,0
DA:360,0
DA:364,0
DA:365,0
DA:369,0
DA:370,0
DA:372,0
DA:374,0
DA:383,0
DA:386,0
DA:393,0
DA:394,0
DA:398,0
DA:399,0
DA:400,0
DA:401,0
DA:402,0
DA:406,0
DA:407,0
DA:408,0
DA:415,0
DA:416,0
DA:418,0
DA:419,0
DA:420,0
DA:423,0
DA:425,0
DA:426,0
DA:428,0
DA:429,0
DA:430,0
DA:432,0
DA:434,0
DA:435,0
DA:438,0
DA:439,0
DA:442,0
DA:446,0
DA:450,0
DA:458,0
DA:459,0
DA:461,0
DA:465,0
DA:466,0
DA:467,0
DA:468,0
DA:469,0
DA:472,0
DA:473,0
DA:478,0
DA:494,0
DA:495,0
DA:505,0
DA:506,0
DA:507,0
DA:508,0
DA:510,0
DA:511,0
DA:512,0
DA:513,0
DA:517,0
DA:518,0
DA:521,0
DA:528,0
DA:529,0
DA:531,0
DA:534,0
DA:540,0
DA:541,0
DA:547,0
DA:548,0
LF:141
LH:0
BRDA:136,0,0,0
BRDA:136,0,1,0
BRDA:149,1,0,0
BRDA:149,1,1,0
BRDA:149,2,0,0
BRDA:149,2,1,0
BRDA:150,3,0,0
BRDA:150,3,1,0
BRDA:150,4,0,0
BRDA:150,4,1,0
BRDA:160,5,0,0
BRDA:160,5,1,0
BRDA:160,5,2,0
BRDA:166,6,0,0
BRDA:166,6,1,0
BRDA:166,6,2,0
BRDA:171,7,0,0
BRDA:171,7,1,0
BRDA:171,8,0,0
BRDA:171,8,1,0
BRDA:188,9,0,0
BRDA:188,9,1,0
BRDA:197,10,0,0
BRDA:197,10,1,0
BRDA:241,11,0,0
BRDA:242,12,0,0
BRDA:243,13,0,0
BRDA:244,14,0,0
BRDA:245,15,0,0
BRDA:263,16,0,0
BRDA:263,16,1,0
BRDA:299,17,0,0
BRDA:299,17,1,0
BRDA:318,18,0,0
BRDA:318,18,1,0
BRDA:326,19,0,0
BRDA:326,19,1,0
BRDA:334,20,0,0
BRDA:337,21,0,0
BRDA:337,21,1,0
BRDA:341,22,0,0
BRDA:341,22,1,0
BRDA:348,23,0,0
BRDA:348,23,1,0
BRDA:352,24,0,0
BRDA:352,24,1,0
BRDA:370,25,0,0
BRDA:370,25,1,0
BRDA:374,26,0,0
BRDA:374,26,1,0
BRDA:399,27,0,0
BRDA:399,27,1,0
BRDA:401,28,0,0
BRDA:401,28,1,0
BRDA:401,29,0,0
BRDA:401,29,1,0
BRDA:407,30,0,0
BRDA:407,30,1,0
BRDA:416,31,0,0
BRDA:416,31,1,0
BRDA:423,32,0,0
BRDA:423,32,1,0
BRDA:426,33,0,0
BRDA:426,33,1,0
BRDA:434,34,0,0
BRDA:434,34,1,0
BRDA:438,35,0,0
BRDA:438,35,1,0
BRDA:442,36,0,0
BRDA:442,36,1,0
BRDA:446,37,0,0
BRDA:446,37,1,0
BRDA:468,38,0,0
BRDA:468,38,1,0
BRDA:472,39,0,0
BRDA:472,39,1,0
BRDA:512,40,0,0
BRDA:512,40,1,0
BRDA:512,41,0,0
BRDA:512,41,1,0
BRDA:517,42,0,0
BRDA:517,42,1,0
BRF:82
BRH:0
end_of_record
TN:
SF:hooks\useRealtimeData.ts
FN:12,(anonymous_0)
FN:37,(anonymous_1)
FN:68,(anonymous_2)
FN:73,(anonymous_3)
FN:80,(anonymous_4)
FN:87,(anonymous_5)
FN:94,(anonymous_6)
FN:100,(anonymous_7)
FN:109,(anonymous_8)
FN:117,(anonymous_9)
FN:118,(anonymous_10)
FN:126,(anonymous_11)
FN:148,(anonymous_12)
FN:164,(anonymous_13)
FN:184,(anonymous_14)
FN:190,(anonymous_15)
FN:210,(anonymous_16)
FN:241,(anonymous_17)
FNF:18
FNH:0
FNDA:0,(anonymous_0)
FNDA:0,(anonymous_1)
FNDA:0,(anonymous_2)
FNDA:0,(anonymous_3)
FNDA:0,(anonymous_4)
FNDA:0,(anonymous_5)
FNDA:0,(anonymous_6)
FNDA:0,(anonymous_7)
FNDA:0,(anonymous_8)
FNDA:0,(anonymous_9)
FNDA:0,(anonymous_10)
FNDA:0,(anonymous_11)
FNDA:0,(anonymous_12)
FNDA:0,(anonymous_13)
FNDA:0,(anonymous_14)
FNDA:0,(anonymous_15)
FNDA:0,(anonymous_16)
FNDA:0,(anonymous_17)
DA:12,0
DA:13,0
DA:14,0
DA:15,0
DA:16,0
DA:17,0
DA:19,0
DA:34,0
DA:37,0
DA:38,0
DA:39,0
DA:40,0
DA:46,0
DA:48,0
DA:49,0
DA:52,0
DA:55,0
DA:56,0
DA:59,0
DA:60,0
DA:63,0
DA:68,0
DA:69,0
DA:70,0
DA:73,0
DA:75,0
DA:80,0
DA:81,0
DA:82,0
DA:87,0
DA:88,0
DA:89,0
DA:94,0
DA:95,0
DA:100,0
DA:102,0
DA:109,0
DA:110,0
DA:111,0
DA:117,0
DA:118,0
DA:119,0
DA:120,0
DA:126,0
DA:127,0
DA:128,0
DA:131,0
DA:148,0
DA:149,0
DA:150,0
DA:151,0
DA:153,0
DA:161,0
DA:164,0
DA:165,0
DA:166,0
DA:167,0
DA:173,0
DA:175,0
DA:176,0
DA:179,0
DA:184,0
DA:185,0
DA:186,0
DA:190,0
DA:191,0
DA:192,0
DA:196,0
DA:210,0
DA:214,0
DA:216,0
DA:217,0
DA:219,0
DA:242,0
DA:243,0
LF:75
LH:0
BRDA:12,0,0,0
BRDA:37,1,0,0
BRDA:46,2,0,0
BRDA:46,2,1,0
BRDA:59,3,0,0
BRDA:59,3,1,0
BRDA:68,4,0,0
BRDA:69,5,0,0
BRDA:69,5,1,0
BRDA:81,6,0,0
BRDA:81,6,1,0
BRDA:88,7,0,0
BRDA:88,7,1,0
BRDA:88,8,0,0
BRDA:88,8,1,0
BRDA:95,9,0,0
BRDA:95,9,1,0
BRDA:95,10,0,0
BRDA:95,10,1,0
BRDA:110,11,0,0
BRDA:110,11,1,0
BRDA:119,12,0,0
BRDA:119,12,1,0
BRDA:128,13,0,0
BRDA:128,13,1,0
BRDA:128,13,2,0
BRDA:135,14,0,0
BRDA:135,14,1,0
BRDA:148,15,0,0
BRDA:153,16,0,0
BRDA:153,16,1,0
BRDA:175,17,0,0
BRDA:175,17,1,0
BRDA:185,18,0,0
BRDA:185,18,1,0
BRDA:185,19,0,0
BRDA:185,19,1,0
BRDA:185,19,2,0
BRDA:191,20,0,0
BRDA:191,20,1,0
BRDA:199,21,0,0
BRDA:199,21,1,0
BRDA:212,22,0,0
BRDA:214,23,0,0
BRDA:214,23,1,0
BRF:45
BRH:0
end_of_record
TN:
SF:hooks\useRealtimeSubscription.ts
FN:8,(anonymous_0)
FN:17,(anonymous_1)
FN:19,(anonymous_2)
FN:30,(anonymous_3)
FN:38,(anonymous_4)
FN:41,(anonymous_5)
FN:66,(anonymous_6)
FN:83,(anonymous_7)
FN:112,(anonymous_8)
FN:123,(anonymous_9)
FN:125,(anonymous_10)
FN:130,(anonymous_11)
FN:144,(anonymous_12)
FN:147,(anonymous_13)
FN:177,(anonymous_14)
FN:178,(anonymous_15)
FN:195,(anonymous_16)
FN:198,(anonymous_17)
FN:205,(anonymous_18)
FN:206,(anonymous_19)
FN:218,(anonymous_20)
FNF:21
FNH:0
FNDA:0,(anonymous_0)
FNDA:0,(anonymous_1)
FNDA:0,(anonymous_2)
FNDA:0,(anonymous_3)
FNDA:0,(anonymous_4)
FNDA:0,(anonymous_5)
FNDA:0,(anonymous_6)
FNDA:0,(anonymous_7)
FNDA:0,(anonymous_8)
FNDA:0,(anonymous_9)
FNDA:0,(anonymous_10)
FNDA:0,(anonymous_11)
FNDA:0,(anonymous_12)
FNDA:0,(anonymous_13)
FNDA:0,(anonymous_14)
FNDA:0,(anonymous_15)
FNDA:0,(anonymous_16)
FNDA:0,(anonymous_17)
FNDA:0,(anonymous_18)
FNDA:0,(anonymous_19)
FNDA:0,(anonymous_20)
DA:8,0
DA:9,0
DA:12,0
DA:13,0
DA:14,0
DA:17,0
DA:18,0
DA:20,0
DA:21,0
DA:22,0
DA:23,0
DA:24,0
DA:29,0
DA:30,0
DA:31,0
DA:32,0
DA:38,0
DA:39,0
DA:41,0
DA:42,0
DA:43,0
DA:44,0
DA:47,0
DA:49,0
DA:51,0
DA:52,0
DA:53,0
DA:54,0
DA:59,0
DA:60,0
DA:61,0
DA:66,0
DA:67,0
DA:69,0
DA:70,0
DA:71,0
DA:76,0
DA:77,0
DA:79,0
DA:83,0
DA:84,0
DA:85,0
DA:86,0
DA:92,0
DA:96,0
DA:112,0
DA:116,0
DA:119,0
DA:120,0
DA:123,0
DA:124,0
DA:126,0
DA:127,0
DA:129,0
DA:130,0
DA:131,0
DA:133,0
DA:134,0
DA:135,0
DA:140,0
DA:144,0
DA:145,0
DA:147,0
DA:148,0
DA:149,0
DA:150,0
DA:153,0
DA:154,0
DA:156,0
DA:157,0
DA:158,0
DA:159,0
DA:161,0
DA:162,0
DA:166,0
DA:167,0
DA:171,0
DA:172,0
DA:173,0
DA:177,0
DA:178,0
DA:179,0
DA:181,0
DA:183,0
DA:184,0
DA:185,0
DA:189,0
DA:190,0
DA:192,0
DA:195,0
DA:196,0
DA:198,0
DA:199,0
DA:204,0
DA:205,0
DA:206,0
DA:208,0
DA:218,0
LF:98
LH:0
BRDA:8,0,0,0
BRDA:21,1,0,0
BRDA:21,1,1,0
BRDA:23,2,0,0
BRDA:23,2,1,0
BRDA:31,3,0,0
BRDA:31,3,1,0
BRDA:42,4,0,0
BRDA:42,4,1,0
BRDA:42,5,0,0
BRDA:42,5,1,0
BRDA:51,6,0,0
BRDA:51,6,1,0
BRDA:53,7,0,0
BRDA:53,7,1,0
BRDA:59,8,0,0
BRDA:59,8,1,0
BRDA:61,9,0,0
BRDA:61,9,1,0
BRDA:67,10,0,0
BRDA:67,10,1,0
BRDA:70,11,0,0
BRDA:70,11,1,0
BRDA:76,12,0,0
BRDA:76,12,1,0
BRDA:76,13,0,0
BRDA:76,13,1,0
BRDA:85,14,0,0
BRDA:85,14,1,0
BRDA:92,15,0,0
BRDA:92,15,1,0
BRDA:103,16,0,0
BRDA:103,16,1,0
BRDA:114,17,0,0
BRDA:127,18,0,0
BRDA:127,18,1,0
BRDA:134,19,0,0
BRDA:134,19,1,0
BRDA:148,20,0,0
BRDA:148,20,1,0
BRDA:148,21,0,0
BRDA:148,21,1,0
BRDA:161,22,0,0
BRDA:161,22,1,0
BRDA:167,23,0,0
BRDA:167,23,1,0
BRDA:171,24,0,0
BRDA:171,24,1,0
BRDA:183,25,0,0
BRDA:183,25,1,0
BRDA:189,26,0,0
BRDA:189,26,1,0
BRDA:189,27,0,0
BRDA:189,27,1,0
BRDA:217,28,0,0
BRDA:217,28,1,0
BRDA:217,28,2,0
BRF:57
BRH:0
end_of_record
TN:
SF:hooks\useRefereeAnalytics.ts
FN:74,useRefereeAnalytics
FN:115,(anonymous_1)
FN:137,(anonymous_2)
FN:194,(anonymous_3)
FN:198,(anonymous_4)
FN:199,(anonymous_5)
FN:266,(anonymous_6)
FN:276,(anonymous_7)
FN:285,(anonymous_8)
FN:306,(anonymous_9)
FN:332,(anonymous_10)
FN:339,(anonymous_11)
FN:344,(anonymous_12)
FNF:13
FNH:0
FNDA:0,useRefereeAnalytics
FNDA:0,(anonymous_1)
FNDA:0,(anonymous_2)
FNDA:0,(anonymous_3)
FNDA:0,(anonymous_4)
FNDA:0,(anonymous_5)
FNDA:0,(anonymous_6)
FNDA:0,(anonymous_7)
FNDA:0,(anonymous_8)
FNDA:0,(anonymous_9)
FNDA:0,(anonymous_10)
FNDA:0,(anonymous_11)
FNDA:0,(anonymous_12)
DA:78,0
DA:88,0
DA:96,0
DA:99,0
DA:100,0
DA:103,0
DA:112,0
DA:115,0
DA:116,0
DA:118,0
DA:120,0
DA:126,0
DA:127,0
DA:130,0
DA:136,0
DA:138,0
DA:140,0
DA:141,0
DA:142,0
DA:148,0
DA:153,0
DA:158,0
DA:162,0
DA:166,0
DA:167,0
DA:168,0
DA:169,0
DA:170,0
DA:172,0
DA:191,0
DA:193,0
DA:194,0
DA:197,0
DA:198,0
DA:199,0
DA:200,0
DA:201,0
DA:202,0
DA:203,0
DA:204,0
DA:211,0
DA:212,0
DA:221,0
DA:223,0
DA:226,0
DA:227,0
DA:237,0
DA:243,0
DA:248,0
DA:251,0
DA:258,0
DA:259,0
DA:260,0
DA:261,0
DA:264,0
DA:268,0
DA:269,0
DA:272,0
DA:274,0
DA:278,0
DA:279,0
DA:285,0
DA:286,0
DA:287,0
DA:288,0
DA:294,0
DA:296,0
DA:301,0
DA:306,0
DA:307,0
DA:308,0
DA:311,0
DA:322,0
DA:327,0
DA:332,0
DA:335,0
DA:339,0
DA:340,0
DA:344,0
DA:345,0
DA:348,0
LF:81
LH:0
BRDA:76,0,0,0
BRDA:105,1,0,0
BRDA:105,1,1,0
BRDA:140,2,0,0
BRDA:140,2,1,0
BRDA:158,3,0,0
BRDA:158,3,1,0
BRDA:162,4,0,0
BRDA:162,4,1,0
BRDA:163,5,0,0
BRDA:163,5,1,0
BRDA:175,6,0,0
BRDA:175,6,1,0
BRDA:184,7,0,0
BRDA:184,7,1,0
BRDA:193,8,0,0
BRDA:193,8,1,0
BRDA:197,9,0,0
BRDA:197,9,1,0
BRDA:197,10,0,0
BRDA:197,10,1,0
BRDA:200,11,0,0
BRDA:200,11,1,0
BRDA:200,11,2,0
BRDA:200,11,3,0
BRDA:211,12,0,0
BRDA:211,12,1,0
BRDA:226,13,0,0
BRDA:226,13,1,0
BRDA:248,14,0,0
BRDA:248,14,1,0
BRDA:258,15,0,0
BRDA:258,15,1,0
BRDA:258,16,0,0
BRDA:258,16,1,0
BRDA:259,17,0,0
BRDA:259,17,1,0
BRDA:269,18,0,0
BRDA:269,18,1,0
BRDA:272,19,0,0
BRDA:272,19,1,0
BRDA:308,20,0,0
BRDA:308,20,1,0
BRF:43
BRH:0
end_of_record
TN:
SF:hooks\useRefereeManagement.ts
FN:35,(anonymous_0)
FN:54,(anonymous_1)
FN:61,(anonymous_2)
FN:80,(anonymous_3)
FN:94,(anonymous_4)
FN:128,(anonymous_5)
FN:148,(anonymous_6)
FN:168,(anonymous_7)
FN:186,(anonymous_8)
FN:212,(anonymous_9)
FN:223,(anonymous_10)
FNF:11
FNH:0
FNDA:0,(anonymous_0)
FNDA:0,(anonymous_1)
FNDA:0,(anonymous_2)
FNDA:0,(anonymous_3)
FNDA:0,(anonymous_4)
FNDA:0,(anonymous_5)
FNDA:0,(anonymous_6)
FNDA:0,(anonymous_7)
FNDA:0,(anonymous_8)
FNDA:0,(anonymous_9)
FNDA:0,(anonymous_10)
DA:35,0
DA:36,0
DA:37,0
DA:38,0
DA:39,0
DA:40,0
DA:41,0
DA:42,0
DA:43,0
DA:45,0
DA:54,0
DA:55,0
DA:58,0
DA:61,0
DA:63,0
DA:65,0
DA:68,0
DA:71,0
DA:73,0
DA:74,0
DA:75,0
DA:76,0
DA:79,0
DA:80,0
DA:81,0
DA:83,0
DA:87,0
DA:90,0
DA:94,0
DA:95,0
DA:96,0
DA:97,0
DA:101,0
DA:103,0
DA:104,0
DA:107,0
DA:108,0
DA:112,0
DA:115,0
DA:117,0
DA:118,0
DA:122,0
DA:126,0
DA:128,0
DA:130,0
DA:131,0
DA:139,0
DA:140,0
DA:148,0
DA:151,0
DA:153,0
DA:154,0
DA:157,0
DA:158,0
DA:159,0
DA:162,0
DA:164,0
DA:168,0
DA:169,0
DA:170,0
DA:174,0
DA:178,0
DA:179,0
DA:180,0
DA:182,0
DA:186,0
DA:192,0
DA:201,0
DA:203,0
DA:206,0
DA:208,0
DA:212,0
DA:213,0
DA:214,0
DA:215,0
DA:216,0
DA:219,0
DA:223,0
DA:224,0
DA:225,0
DA:226,0
DA:227,0
DA:228,0
DA:229,0
DA:232,0
LF:85
LH:0
BRDA:63,0,0,0
BRDA:63,0,1,0
BRDA:63,1,0,0
BRDA:63,1,1,0
BRDA:73,2,0,0
BRDA:73,2,1,0
BRDA:75,3,0,0
BRDA:75,3,1,0
BRDA:79,4,0,0
BRDA:79,4,1,0
BRDA:81,5,0,0
BRDA:81,5,1,0
BRDA:95,6,0,0
BRDA:95,6,1,0
BRDA:101,7,0,0
BRDA:101,7,1,0
BRDA:101,8,0,0
BRDA:101,8,1,0
BRDA:115,9,0,0
BRDA:115,9,1,0
BRDA:130,10,0,0
BRDA:130,10,1,0
BRDA:130,11,0,0
BRDA:130,11,1,0
BRDA:139,12,0,0
BRDA:139,12,1,0
BRDA:139,13,0,0
BRDA:139,13,1,0
BRDA:151,14,0,0
BRDA:151,14,1,0
BRDA:180,15,0,0
BRDA:180,15,1,0
BRF:32
BRH:0
end_of_record
TN:
SF:hooks\useReferees.ts
FN:54,useReferees
FN:91,(anonymous_1)
FN:100,(anonymous_2)
FN:118,(anonymous_3)
FN:122,(anonymous_4)
FN:125,(anonymous_5)
FN:137,(anonymous_6)
FN:138,(anonymous_7)
FN:146,(anonymous_8)
FN:214,(anonymous_9)
FN:215,(anonymous_10)
FN:239,(anonymous_11)
FN:241,(anonymous_12)
FN:275,(anonymous_13)
FN:285,(anonymous_14)
FN:295,(anonymous_15)
FN:296,(anonymous_16)
FN:303,(anonymous_17)
FN:308,(anonymous_18)
FN:317,(anonymous_19)
FN:318,(anonymous_20)
FN:328,(anonymous_21)
FN:329,(anonymous_22)
FN:339,(anonymous_23)
FN:340,(anonymous_24)
FN:348,(anonymous_25)
FN:349,(anonymous_26)
FNF:27
FNH:0
FNDA:0,useReferees
FNDA:0,(anonymous_1)
FNDA:0,(anonymous_2)
FNDA:0,(anonymous_3)
FNDA:0,(anonymous_4)
FNDA:0,(anonymous_5)
FNDA:0,(anonymous_6)
FNDA:0,(anonymous_7)
FNDA:0,(anonymous_8)
FNDA:0,(anonymous_9)
FNDA:0,(anonymous_10)
FNDA:0,(anonymous_11)
FNDA:0,(anonymous_12)
FNDA:0,(anonymous_13)
FNDA:0,(anonymous_14)
FNDA:0,(anonymous_15)
FNDA:0,(anonymous_16)
FNDA:0,(anonymous_17)
FNDA:0,(anonymous_18)
FNDA:0,(anonymous_19)
FNDA:0,(anonymous_20)
FNDA:0,(anonymous_21)
FNDA:0,(anonymous_22)
FNDA:0,(anonymous_23)
FNDA:0,(anonymous_24)
FNDA:0,(anonymous_25)
FNDA:0,(anonymous_26)
DA:58,0
DA:70,0
DA:78,0
DA:85,0
DA:87,0
DA:88,0
DA:91,0
DA:92,0
DA:100,0
DA:101,0
DA:104,0
DA:105,0
DA:106,0
DA:109,0
DA:112,0
DA:115,0
DA:118,0
DA:119,0
DA:120,0
DA:122,0
DA:123,0
DA:128,0
DA:132,0
DA:133,0
DA:137,0
DA:138,0
DA:139,0
DA:146,0
DA:147,0
DA:149,0
DA:150,0
DA:154,0
DA:157,0
DA:163,0
DA:164,0
DA:173,0
DA:174,0
DA:177,0
DA:180,0
DA:181,0
DA:183,0
DA:184,0
DA:186,0
DA:190,0
DA:191,0
DA:194,0
DA:196,0
DA:199,0
DA:200,0
DA:209,0
DA:214,0
DA:215,0
DA:216,0
DA:218,0
DA:219,0
DA:220,0
DA:222,0
DA:225,0
DA:226,0
DA:229,0
DA:239,0
DA:241,0
DA:242,0
DA:243,0
DA:246,0
DA:247,0
DA:251,0
DA:256,0
DA:260,0
DA:267,0
DA:268,0
DA:269,0
DA:270,0
DA:273,0
DA:277,0
DA:278,0
DA:281,0
DA:283,0
DA:287,0
DA:288,0
DA:295,0
DA:296,0
DA:303,0
DA:304,0
DA:308,0
DA:310,0
DA:313,0
DA:317,0
DA:318,0
DA:324,0
DA:328,0
DA:329,0
DA:335,0
DA:339,0
DA:340,0
DA:348,0
DA:349,0
DA:356,0
LF:98
LH:0
BRDA:56,0,0,0
BRDA:101,1,0,0
BRDA:101,1,1,0
BRDA:104,2,0,0
BRDA:104,2,1,0
BRDA:104,3,0,0
BRDA:104,3,1,0
BRDA:105,4,0,0
BRDA:105,4,1,0
BRDA:105,5,0,0
BRDA:105,5,1,0
BRDA:106,6,0,0
BRDA:106,6,1,0
BRDA:106,7,0,0
BRDA:106,7,1,0
BRDA:119,8,0,0
BRDA:119,8,1,0
BRDA:119,9,0,0
BRDA:119,9,1,0
BRDA:119,9,2,0
BRDA:132,10,0,0
BRDA:132,10,1,0
BRDA:152,11,0,0
BRDA:152,11,1,0
BRDA:163,12,0,0
BRDA:163,12,1,0
BRDA:169,13,0,0
BRDA:169,13,1,0
BRDA:173,14,0,0
BRDA:173,14,1,0
BRDA:177,15,0,0
BRDA:177,15,1,0
BRDA:183,16,0,0
BRDA:183,16,1,0
BRDA:183,17,0,0
BRDA:183,17,1,0
BRDA:190,18,0,0
BRDA:190,18,1,0
BRDA:199,19,0,0
BRDA:199,19,1,0
BRDA:218,20,0,0
BRDA:218,20,1,0
BRDA:219,21,0,0
BRDA:219,21,1,0
BRDA:225,22,0,0
BRDA:225,22,1,0
BRDA:242,23,0,0
BRDA:242,23,1,0
BRDA:243,24,0,0
BRDA:243,24,1,0
BRDA:246,25,0,0
BRDA:246,25,1,0
BRDA:256,26,0,0
BRDA:256,26,1,0
BRDA:256,26,2,0
BRDA:267,27,0,0
BRDA:267,27,1,0
BRDA:267,28,0,0
BRDA:267,28,1,0
BRDA:268,29,0,0
BRDA:268,29,1,0
BRDA:277,30,0,0
BRDA:277,30,1,0
BRDA:278,31,0,0
BRDA:278,31,1,0
BRDA:281,32,0,0
BRDA:281,32,1,0
BRF:67
BRH:0
end_of_record
TN:
SF:hooks\useRepositoryData.ts
FN:56,(anonymous_0)
FN:79,(anonymous_1)
FN:91,(anonymous_2)
FN:128,(anonymous_3)
FN:145,(anonymous_4)
FN:151,(anonymous_5)
FN:157,(anonymous_6)
FN:166,(anonymous_7)
FN:168,(anonymous_8)
FN:173,(anonymous_9)
FN:182,(anonymous_10)
FN:183,(anonymous_11)
FN:203,(anonymous_12)
FN:213,(anonymous_13)
FN:215,(anonymous_14)
FN:232,(anonymous_15)
FN:239,(anonymous_16)
FNF:17
FNH:0
FNDA:0,(anonymous_0)
FNDA:0,(anonymous_1)
FNDA:0,(anonymous_2)
FNDA:0,(anonymous_3)
FNDA:0,(anonymous_4)
FNDA:0,(anonymous_5)
FNDA:0,(anonymous_6)
FNDA:0,(anonymous_7)
FNDA:0,(anonymous_8)
FNDA:0,(anonymous_9)
FNDA:0,(anonymous_10)
FNDA:0,(anonymous_11)
FNDA:0,(anonymous_12)
FNDA:0,(anonymous_13)
FNDA:0,(anonymous_14)
FNDA:0,(anonymous_15)
FNDA:0,(anonymous_16)
DA:56,0
DA:66,0
DA:68,0
DA:69,0
DA:70,0
DA:71,0
DA:72,0
DA:74,0
DA:75,0
DA:76,0
DA:79,0
DA:80,0
DA:81,0
DA:82,0
DA:84,0
DA:85,0
DA:86,0
DA:91,0
DA:92,0
DA:94,0
DA:95,0
DA:96,0
DA:98,0
DA:99,0
DA:100,0
DA:102,0
DA:104,0
DA:105,0
DA:108,0
DA:109,0
DA:112,0
DA:120,0
DA:122,0
DA:125,0
DA:128,0
DA:129,0
DA:132,0
DA:135,0
DA:138,0
DA:139,0
DA:145,0
DA:146,0
DA:147,0
DA:151,0
DA:152,0
DA:153,0
DA:157,0
DA:158,0
DA:159,0
DA:162,0
DA:166,0
DA:167,0
DA:168,0
DA:169,0
DA:173,0
DA:174,0
DA:175,0
DA:176,0
DA:182,0
DA:183,0
DA:184,0
DA:185,0
DA:189,0
DA:203,0
DA:208,0
DA:211,0
DA:213,0
DA:214,0
DA:215,0
DA:216,0
DA:219,0
DA:220,0
DA:223,0
DA:226,0
DA:232,0
DA:237,0
DA:239,0
DA:240,0
DA:243,0
LF:79
LH:0
BRDA:58,0,0,0
BRDA:59,1,0,0
BRDA:62,2,0,0
BRDA:64,3,0,0
BRDA:65,4,0,0
BRDA:80,5,0,0
BRDA:80,5,1,0
BRDA:84,6,0,0
BRDA:84,6,1,0
BRDA:91,7,0,0
BRDA:92,8,0,0
BRDA:92,8,1,0
BRDA:102,9,0,0
BRDA:102,9,1,0
BRDA:108,10,0,0
BRDA:108,10,1,0
BRDA:108,10,2,0
BRDA:109,11,0,0
BRDA:109,11,1,0
BRDA:112,12,0,0
BRDA:112,12,1,0
BRDA:120,13,0,0
BRDA:120,13,1,0
BRDA:122,14,0,0
BRDA:122,14,1,0
BRDA:125,15,0,0
BRDA:125,15,1,0
BRDA:138,16,0,0
BRDA:138,16,1,0
BRDA:158,17,0,0
BRDA:158,17,1,0
BRDA:167,18,0,0
BRDA:167,18,1,0
BRDA:167,19,0,0
BRDA:167,19,1,0
BRDA:167,19,2,0
BRDA:174,20,0,0
BRDA:174,20,1,0
BRDA:205,21,0,0
BRDA:206,22,0,0
BRDA:214,23,0,0
BRDA:214,23,1,0
BRDA:214,24,0,0
BRDA:214,24,1,0
BRDA:219,25,0,0
BRDA:219,25,1,0
BRDA:219,26,0,0
BRDA:219,26,1,0
BRDA:234,27,0,0
BRDA:235,28,0,0
BRDA:240,29,0,0
BRDA:240,29,1,0
BRF:52
BRH:0
end_of_record
TN:
SF:hooks\useRepositorySelection.ts
FN:61,(anonymous_0)
FN:81,(anonymous_1)
FN:103,(anonymous_2)
FN:129,(anonymous_3)
FN:156,(anonymous_4)
FN:184,(anonymous_5)
FN:211,(anonymous_6)
FN:223,(anonymous_7)
FN:235,(anonymous_8)
FN:239,(anonymous_9)
FNF:10
FNH:0
FNDA:0,(anonymous_0)
FNDA:0,(anonymous_1)
FNDA:0,(anonymous_2)
FNDA:0,(anonymous_3)
FNDA:0,(anonymous_4)
FNDA:0,(anonymous_5)
FNDA:0,(anonymous_6)
FNDA:0,(anonymous_7)
FNDA:0,(anonymous_8)
FNDA:0,(anonymous_9)
DA:61,0
DA:81,0
DA:91,0
DA:93,0
DA:94,0
DA:95,0
DA:96,0
DA:97,0
DA:98,0
DA:99,0
DA:100,0
DA:103,0
DA:104,0
DA:105,0
DA:106,0
DA:108,0
DA:111,0
DA:112,0
DA:113,0
DA:114,0
DA:117,0
DA:118,0
DA:120,0
DA:121,0
DA:123,0
DA:124,0
DA:129,0
DA:130,0
DA:132,0
DA:135,0
DA:136,0
DA:137,0
DA:138,0
DA:140,0
DA:143,0
DA:144,0
DA:145,0
DA:146,0
DA:147,0
DA:148,0
DA:150,0
DA:151,0
DA:156,0
DA:157,0
DA:159,0
DA:160,0
DA:161,0
DA:165,0
DA:166,0
DA:168,0
DA:171,0
DA:172,0
DA:173,0
DA:174,0
DA:175,0
DA:176,0
DA:178,0
DA:179,0
DA:184,0
DA:185,0
DA:187,0
DA:188,0
DA:189,0
DA:191,0
DA:195,0
DA:211,0
DA:214,0
DA:223,0
DA:226,0
DA:235,0
DA:236,0
DA:237,0
DA:239,0
DA:240,0
DA:242,0
DA:243,0
DA:244,0
DA:248,0
DA:252,0
LF:79
LH:0
BRDA:85,0,0,0
BRDA:89,1,0,0
BRDA:111,2,0,0
BRDA:111,2,1,0
BRDA:113,3,0,0
BRDA:113,3,1,0
BRDA:123,4,0,0
BRDA:123,4,1,0
BRDA:130,5,0,0
BRDA:130,5,1,0
BRDA:135,6,0,0
BRDA:135,6,1,0
BRDA:137,7,0,0
BRDA:137,7,1,0
BRDA:150,8,0,0
BRDA:150,8,1,0
BRDA:157,9,0,0
BRDA:157,9,1,0
BRDA:165,10,0,0
BRDA:165,10,1,0
BRDA:178,11,0,0
BRDA:178,11,1,0
BRDA:185,12,0,0
BRDA:185,12,1,0
BRDA:191,13,0,0
BRDA:191,13,1,0
BRDA:212,14,0,0
BRDA:224,15,0,0
BRF:28
BRH:0
end_of_record
TN:
SF:hooks\useStorageManager.ts
FN:27,useStorageManager
FN:32,(anonymous_1)
FN:47,(anonymous_2)
FN:58,(anonymous_3)
FN:70,(anonymous_4)
FN:81,(anonymous_5)
FN:87,(anonymous_6)
FN:104,(anonymous_7)
FN:124,useStorageMonitoring
FN:137,(anonymous_9)
FN:150,(anonymous_10)
FN:155,(anonymous_11)
FN:182,useStorageFormatting
FN:183,(anonymous_13)
FN:195,(anonymous_14)
FN:200,(anonymous_15)
FNF:16
FNH:0
FNDA:0,useStorageManager
FNDA:0,(anonymous_1)
FNDA:0,(anonymous_2)
FNDA:0,(anonymous_3)
FNDA:0,(anonymous_4)
FNDA:0,(anonymous_5)
FNDA:0,(anonymous_6)
FNDA:0,(anonymous_7)
FNDA:0,useStorageMonitoring
FNDA:0,(anonymous_9)
FNDA:0,(anonymous_10)
FNDA:0,(anonymous_11)
FNDA:0,useStorageFormatting
FNDA:0,(anonymous_13)
FNDA:0,(anonymous_14)
FNDA:0,(anonymous_15)
DA:28,0
DA:29,0
DA:30,0
DA:32,0
DA:33,0
DA:34,0
DA:35,0
DA:36,0
DA:37,0
DA:39,0
DA:40,0
DA:43,0
DA:47,0
DA:48,0
DA:49,0
DA:50,0
DA:51,0
DA:54,0
DA:58,0
DA:59,0
DA:60,0
DA:61,0
DA:62,0
DA:63,0
DA:66,0
DA:70,0
DA:71,0
DA:72,0
DA:73,0
DA:74,0
DA:77,0
DA:81,0
DA:82,0
DA:83,0
DA:84,0
DA:87,0
DA:88,0
DA:90,0
DA:92,0
DA:93,0
DA:94,0
DA:95,0
DA:96,0
DA:97,0
DA:100,0
DA:104,0
DA:105,0
DA:108,0
DA:133,0
DA:134,0
DA:135,0
DA:137,0
DA:138,0
DA:140,0
DA:142,0
DA:143,0
DA:144,0
DA:145,0
DA:146,0
DA:150,0
DA:151,0
DA:152,0
DA:155,0
DA:156,0
DA:158,0
DA:160,0
DA:161,0
DA:162,0
DA:163,0
DA:164,0
DA:165,0
DA:168,0
DA:171,0
DA:183,0
DA:184,0
DA:186,0
DA:187,0
DA:188,0
DA:190,0
DA:192,0
DA:195,0
DA:196,0
DA:197,0
DA:200,0
DA:201,0
DA:202,0
DA:203,0
DA:204,0
DA:207,0
LF:89
LH:0
BRDA:39,0,0,0
BRDA:39,0,1,0
BRDA:82,1,0,0
BRDA:82,1,1,0
BRDA:88,2,0,0
BRDA:88,2,1,0
BRDA:92,3,0,0
BRDA:92,3,1,0
BRDA:94,4,0,0
BRDA:94,4,1,0
BRDA:96,5,0,0
BRDA:96,5,1,0
BRDA:125,6,0,0
BRDA:126,7,0,0
BRDA:138,8,0,0
BRDA:138,8,1,0
BRDA:142,9,0,0
BRDA:142,9,1,0
BRDA:142,10,0,0
BRDA:142,10,1,0
BRDA:144,11,0,0
BRDA:144,11,1,0
BRDA:156,12,0,0
BRDA:156,12,1,0
BRDA:156,13,0,0
BRDA:156,13,1,0
BRDA:160,14,0,0
BRDA:160,14,1,0
BRDA:162,15,0,0
BRDA:162,15,1,0
BRDA:164,16,0,0
BRDA:164,16,1,0
BRDA:183,17,0,0
BRDA:184,18,0,0
BRDA:184,18,1,0
BRDA:187,19,0,0
BRDA:187,19,1,0
BRDA:201,20,0,0
BRDA:201,20,1,0
BRDA:202,21,0,0
BRDA:202,21,1,0
BRDA:203,22,0,0
BRDA:203,22,1,0
BRF:43
BRH:0
end_of_record
TN:
SF:hooks\useSyncManager.ts
FN:27,useSyncManager
FN:40,(anonymous_1)
FN:41,(anonymous_2)
FN:52,(anonymous_3)
FN:56,(anonymous_4)
FN:57,(anonymous_5)
FN:66,(anonymous_6)
FN:69,(anonymous_7)
FN:75,(anonymous_8)
FN:79,(anonymous_9)
FN:83,(anonymous_10)
FN:93,(anonymous_11)
FN:114,useAutoSync
FN:127,(anonymous_13)
FN:133,(anonymous_14)
FN:142,(anonymous_15)
FNF:16
FNH:0
FNDA:0,useSyncManager
FNDA:0,(anonymous_1)
FNDA:0,(anonymous_2)
FNDA:0,(anonymous_3)
FNDA:0,(anonymous_4)
FNDA:0,(anonymous_5)
FNDA:0,(anonymous_6)
FNDA:0,(anonymous_7)
FNDA:0,(anonymous_8)
FNDA:0,(anonymous_9)
FNDA:0,(anonymous_10)
FNDA:0,(anonymous_11)
FNDA:0,useAutoSync
FNDA:0,(anonymous_13)
FNDA:0,(anonymous_14)
FNDA:0,(anonymous_15)
DA:28,0
DA:34,0
DA:36,0
DA:37,0
DA:40,0
DA:41,0
DA:42,0
DA:43,0
DA:47,0
DA:50,0
DA:52,0
DA:56,0
DA:57,0
DA:59,0
DA:62,0
DA:66,0
DA:67,0
DA:69,0
DA:75,0
DA:76,0
DA:79,0
DA:80,0
DA:83,0
DA:84,0
DA:85,0
DA:89,0
DA:93,0
DA:94,0
DA:97,0
DA:122,0
DA:123,0
DA:124,0
DA:127,0
DA:128,0
DA:130,0
DA:133,0
DA:134,0
DA:137,0
DA:142,0
DA:143,0
DA:144,0
DA:147,0
DA:148,0
DA:151,0
DA:154,0
DA:158,0
LF:46
LH:0
BRDA:106,0,0,0
BRDA:106,0,1,0
BRDA:116,1,0,0
BRDA:128,2,0,0
BRDA:128,2,1,0
BRDA:128,3,0,0
BRDA:128,3,1,0
BRF:7
BRH:0
end_of_record
TN:
SF:hooks\useTouchFeedback.ts
FN:69,(anonymous_0)
FN:70,(anonymous_1)
FN:71,(anonymous_2)
FN:77,(anonymous_3)
FN:80,(anonymous_4)
FN:99,(anonymous_5)
FN:114,(anonymous_6)
FN:153,(anonymous_7)
FN:197,(anonymous_8)
FN:212,(anonymous_9)
FN:237,(anonymous_10)
FN:262,(anonymous_11)
FN:270,(anonymous_12)
FN:279,(anonymous_13)
FN:289,(anonymous_14)
FN:296,(anonymous_15)
FN:315,(anonymous_16)
FN:322,(anonymous_17)
FN:334,(anonymous_18)
FNF:19
FNH:0
FNDA:0,(anonymous_0)
FNDA:0,(anonymous_1)
FNDA:0,(anonymous_2)
FNDA:0,(anonymous_3)
FNDA:0,(anonymous_4)
FNDA:0,(anonymous_5)
FNDA:0,(anonymous_6)
FNDA:0,(anonymous_7)
FNDA:0,(anonymous_8)
FNDA:0,(anonymous_9)
FNDA:0,(anonymous_10)
FNDA:0,(anonymous_11)
FNDA:0,(anonymous_12)
FNDA:0,(anonymous_13)
FNDA:0,(anonymous_14)
FNDA:0,(anonymous_15)
FNDA:0,(anonymous_16)
FNDA:0,(anonymous_17)
FNDA:0,(anonymous_18)
DA:57,0
DA:77,0
DA:80,0
DA:86,0
DA:87,0
DA:90,0
DA:99,0
DA:100,0
DA:102,0
DA:114,0
DA:115,0
DA:117,0
DA:119,0
DA:120,0
DA:122,0
DA:124,0
DA:125,0
DA:127,0
DA:129,0
DA:131,0
DA:132,0
DA:134,0
DA:139,0
DA:140,0
DA:141,0
DA:145,0
DA:153,0
DA:154,0
DA:156,0
DA:157,0
DA:159,0
DA:160,0
DA:162,0
DA:174,0
DA:177,0
DA:189,0
DA:193,0
DA:198,0
DA:204,0
DA:208,0
DA:213,0
DA:219,0
DA:223,0
DA:224,0
DA:225,0
DA:229,0
DA:237,0
DA:238,0
DA:240,0
DA:242,0
DA:248,0
DA:249,0
DA:250,0
DA:254,0
DA:262,0
DA:264,0
DA:267,0
DA:270,0
DA:272,0
DA:274,0
DA:275,0
DA:279,0
DA:281,0
DA:284,0
DA:285,0
DA:289,0
DA:291,0
DA:292,0
DA:296,0
DA:315,0
DA:322,0
DA:323,0
DA:325,0
DA:326,0
DA:334,0
DA:340,0
LF:76
LH:0
BRDA:78,0,0,0
BRDA:114,1,0,0
BRDA:115,2,0,0
BRDA:115,2,1,0
BRDA:122,3,0,0
BRDA:122,3,1,0
BRDA:124,4,0,0
BRDA:124,4,1,0
BRDA:129,5,0,0
BRDA:129,5,1,0
BRDA:131,6,0,0
BRDA:131,6,1,0
BRDA:139,7,0,0
BRDA:139,7,1,0
BRDA:153,8,0,0
BRDA:154,9,0,0
BRDA:154,9,1,0
BRDA:157,10,0,0
BRDA:157,10,1,0
BRDA:160,11,0,0
BRDA:160,11,1,0
BRDA:160,11,2,0
BRDA:160,11,3,0
BRDA:223,12,0,0
BRDA:223,12,1,0
BRDA:237,13,0,0
BRDA:238,14,0,0
BRDA:238,14,1,0
BRDA:248,15,0,0
BRDA:248,15,1,0
BRDA:272,16,0,0
BRDA:272,16,1,0
BRDA:284,17,0,0
BRDA:284,17,1,0
BRDA:323,18,0,0
BRDA:323,18,1,0
BRDA:361,19,0,0
BRDA:361,19,1,0
BRF:38
BRH:0
end_of_record
TN:
SF:hooks\useTouchTarget.ts
FN:61,(anonymous_0)
FN:96,(anonymous_1)
FN:113,(anonymous_2)
FN:135,(anonymous_3)
FN:144,(anonymous_4)
FN:158,(anonymous_5)
FN:174,(anonymous_6)
FN:188,(anonymous_7)
FNF:8
FNH:0
FNDA:0,(anonymous_0)
FNDA:0,(anonymous_1)
FNDA:0,(anonymous_2)
FNDA:0,(anonymous_3)
FNDA:0,(anonymous_4)
FNDA:0,(anonymous_5)
FNDA:0,(anonymous_6)
FNDA:0,(anonymous_7)
DA:61,0
DA:76,0
DA:79,0
DA:89,0
DA:96,0
DA:97,0
DA:98,0
DA:100,0
DA:101,0
DA:109,0
DA:113,0
DA:114,0
DA:115,0
DA:122,0
DA:123,0
DA:126,0
DA:131,0
DA:135,0
DA:136,0
DA:137,0
DA:140,0
DA:144,0
DA:145,0
DA:147,0
DA:158,0
DA:160,0
DA:163,0
DA:165,0
DA:170,0
DA:174,0
DA:175,0
DA:176,0
DA:179,0
DA:188,0
DA:214,0
LF:35
LH:0
BRDA:63,0,0,0
BRDA:66,1,0,0
BRDA:67,2,0,0
BRDA:69,3,0,0
BRDA:70,4,0,0
BRDA:73,5,0,0
BRDA:75,6,0,0
BRDA:100,7,0,0
BRDA:100,7,1,0
BRDA:102,8,0,0
BRDA:102,8,1,0
BRDA:103,9,0,0
BRDA:103,9,1,0
BRDA:104,10,0,0
BRDA:104,10,1,0
BRDA:105,11,0,0
BRDA:105,11,1,0
BRDA:114,12,0,0
BRDA:114,12,1,0
BRDA:136,13,0,0
BRDA:136,13,1,0
BRDA:136,14,0,0
BRDA:136,14,1,0
BRDA:150,15,0,0
BRDA:150,15,1,0
BRDA:175,16,0,0
BRDA:175,16,1,0
BRDA:183,17,0,0
BRDA:183,17,1,0
BRDA:222,18,0,0
BRDA:222,18,1,0
BRDA:227,19,0,0
BRDA:227,19,1,0
BRF:33
BRH:0
end_of_record
TN:
SF:hooks\useTournamentDetailStatus.ts
FN:54,(anonymous_0)
FN:83,(anonymous_1)
FN:86,(anonymous_2)
FN:93,(anonymous_3)
FN:98,(anonymous_4)
FN:110,(anonymous_5)
FN:113,(anonymous_6)
FN:124,(anonymous_7)
FN:139,(anonymous_8)
FN:157,(anonymous_9)
FN:158,(anonymous_10)
FN:160,(anonymous_11)
FN:175,(anonymous_12)
FN:178,(anonymous_13)
FN:179,(anonymous_14)
FN:181,(anonymous_15)
FN:206,(anonymous_16)
FN:251,(anonymous_17)
FN:266,(anonymous_18)
FN:275,(anonymous_19)
FN:294,(anonymous_20)
FN:296,(anonymous_21)
FN:301,(anonymous_22)
FN:308,(anonymous_23)
FN:317,(anonymous_24)
FN:322,(anonymous_25)
FN:330,(anonymous_26)
FN:337,(anonymous_27)
FN:338,(anonymous_28)
FNF:29
FNH:0
FNDA:0,(anonymous_0)
FNDA:0,(anonymous_1)
FNDA:0,(anonymous_2)
FNDA:0,(anonymous_3)
FNDA:0,(anonymous_4)
FNDA:0,(anonymous_5)
FNDA:0,(anonymous_6)
FNDA:0,(anonymous_7)
FNDA:0,(anonymous_8)
FNDA:0,(anonymous_9)
FNDA:0,(anonymous_10)
FNDA:0,(anonymous_11)
FNDA:0,(anonymous_12)
FNDA:0,(anonymous_13)
FNDA:0,(anonymous_14)
FNDA:0,(anonymous_15)
FNDA:0,(anonymous_16)
FNDA:0,(anonymous_17)
FNDA:0,(anonymous_18)
FNDA:0,(anonymous_19)
FNDA:0,(anonymous_20)
FNDA:0,(anonymous_21)
FNDA:0,(anonymous_22)
FNDA:0,(anonymous_23)
FNDA:0,(anonymous_24)
FNDA:0,(anonymous_25)
FNDA:0,(anonymous_26)
FNDA:0,(anonymous_27)
FNDA:0,(anonymous_28)
DA:54,0
DA:63,0
DA:65,0
DA:66,0
DA:67,0
DA:68,0
DA:69,0
DA:70,0
DA:71,0
DA:72,0
DA:73,0
DA:74,0
DA:76,0
DA:77,0
DA:78,0
DA:83,0
DA:86,0
DA:88,0
DA:89,0
DA:93,0
DA:95,0
DA:98,0
DA:99,0
DA:100,0
DA:110,0
DA:112,0
DA:113,0
DA:114,0
DA:117,0
DA:118,0
DA:123,0
DA:124,0
DA:125,0
DA:126,0
DA:127,0
DA:132,0
DA:133,0
DA:139,0
DA:140,0
DA:141,0
DA:142,0
DA:145,0
DA:147,0
DA:148,0
DA:153,0
DA:154,0
DA:157,0
DA:158,0
DA:159,0
DA:160,0
DA:161,0
DA:167,0
DA:168,0
DA:174,0
DA:175,0
DA:178,0
DA:179,0
DA:180,0
DA:181,0
DA:182,0
DA:188,0
DA:189,0
DA:193,0
DA:196,0
DA:206,0
DA:207,0
DA:208,0
DA:209,0
DA:212,0
DA:213,0
DA:215,0
DA:228,0
DA:233,0
DA:234,0
DA:237,0
DA:238,0
DA:243,0
DA:244,0
DA:251,0
DA:254,0
DA:255,0
DA:256,0
DA:266,0
DA:267,0
DA:268,0
DA:269,0
DA:275,0
DA:276,0
DA:280,0
DA:283,0
DA:287,0
DA:294,0
DA:295,0
DA:296,0
DA:297,0
DA:298,0
DA:301,0
DA:308,0
DA:309,0
DA:310,0
DA:317,0
DA:318,0
DA:319,0
DA:322,0
DA:323,0
DA:330,0
DA:331,0
DA:337,0
DA:338,0
DA:339,0
DA:343,0
LF:111
LH:0
BRDA:59,0,0,0
BRDA:60,1,0,0
BRDA:61,2,0,0
BRDA:62,3,0,0
BRDA:95,4,0,0
BRDA:95,4,1,0
BRDA:104,5,0,0
BRDA:104,5,1,0
BRDA:105,6,0,0
BRDA:105,6,1,0
BRDA:112,7,0,0
BRDA:112,7,1,0
BRDA:112,8,0,0
BRDA:112,8,1,0
BRDA:123,9,0,0
BRDA:123,9,1,0
BRDA:140,10,0,0
BRDA:140,10,1,0
BRDA:140,11,0,0
BRDA:140,11,1,0
BRDA:147,12,0,0
BRDA:147,12,1,0
BRDA:153,13,0,0
BRDA:153,13,1,0
BRDA:167,14,0,0
BRDA:167,14,1,0
BRDA:174,15,0,0
BRDA:174,15,1,0
BRDA:188,16,0,0
BRDA:188,16,1,0
BRDA:207,17,0,0
BRDA:207,17,1,0
BRDA:233,18,0,0
BRDA:233,18,1,0
BRDA:244,19,0,0
BRDA:244,19,1,0
BRDA:287,20,0,0
BRDA:287,20,1,0
BRDA:295,21,0,0
BRDA:295,21,1,0
BRDA:295,22,0,0
BRDA:295,22,1,0
BRDA:309,23,0,0
BRDA:309,23,1,0
BRDA:318,24,0,0
BRDA:318,24,1,0
BRF:46
BRH:0
end_of_record
TN:
SF:hooks\useTournamentStatus.ts
FN:40,(anonymous_0)
FN:70,(anonymous_1)
FN:73,(anonymous_2)
FN:80,(anonymous_3)
FN:81,(anonymous_4)
FN:83,(anonymous_5)
FN:88,(anonymous_6)
FN:89,(anonymous_7)
FN:90,(anonymous_8)
FN:107,(anonymous_9)
FN:113,(anonymous_10)
FN:132,(anonymous_11)
FN:141,(anonymous_12)
FN:175,(anonymous_13)
FN:180,(anonymous_14)
FN:197,(anonymous_15)
FN:204,(anonymous_16)
FN:218,(anonymous_17)
FN:220,(anonymous_18)
FN:221,(anonymous_19)
FN:228,(anonymous_20)
FN:235,(anonymous_21)
FN:240,(anonymous_22)
FN:248,(anonymous_23)
FN:255,(anonymous_24)
FN:256,(anonymous_25)
FN:277,(anonymous_26)
FN:289,(anonymous_27)
FNF:28
FNH:0
FNDA:0,(anonymous_0)
FNDA:0,(anonymous_1)
FNDA:0,(anonymous_2)
FNDA:0,(anonymous_3)
FNDA:0,(anonymous_4)
FNDA:0,(anonymous_5)
FNDA:0,(anonymous_6)
FNDA:0,(anonymous_7)
FNDA:0,(anonymous_8)
FNDA:0,(anonymous_9)
FNDA:0,(anonymous_10)
FNDA:0,(anonymous_11)
FNDA:0,(anonymous_12)
FNDA:0,(anonymous_13)
FNDA:0,(anonymous_14)
FNDA:0,(anonymous_15)
FNDA:0,(anonymous_16)
FNDA:0,(anonymous_17)
FNDA:0,(anonymous_18)
FNDA:0,(anonymous_19)
FNDA:0,(anonymous_20)
FNDA:0,(anonymous_21)
FNDA:0,(anonymous_22)
FNDA:0,(anonymous_23)
FNDA:0,(anonymous_24)
FNDA:0,(anonymous_25)
FNDA:0,(anonymous_26)
FNDA:0,(anonymous_27)
DA:40,0
DA:53,0
DA:55,0
DA:56,0
DA:57,0
DA:58,0
DA:59,0
DA:60,0
DA:61,0
DA:63,0
DA:64,0
DA:65,0
DA:70,0
DA:73,0
DA:75,0
DA:76,0
DA:80,0
DA:81,0
DA:82,0
DA:83,0
DA:84,0
DA:88,0
DA:89,0
DA:90,0
DA:91,0
DA:92,0
DA:100,0
DA:103,0
DA:107,0
DA:108,0
DA:109,0
DA:111,0
DA:112,0
DA:113,0
DA:114,0
DA:115,0
DA:116,0
DA:125,0
DA:126,0
DA:132,0
DA:133,0
DA:134,0
DA:135,0
DA:138,0
DA:139,0
DA:141,0
DA:142,0
DA:151,0
DA:156,0
DA:157,0
DA:158,0
DA:161,0
DA:162,0
DA:167,0
DA:168,0
DA:175,0
DA:178,0
DA:180,0
DA:181,0
DA:183,0
DA:186,0
DA:187,0
DA:197,0
DA:198,0
DA:204,0
DA:205,0
DA:209,0
DA:218,0
DA:219,0
DA:220,0
DA:221,0
DA:223,0
DA:224,0
DA:228,0
DA:235,0
DA:236,0
DA:237,0
DA:240,0
DA:241,0
DA:248,0
DA:249,0
DA:255,0
DA:256,0
DA:257,0
DA:261,0
DA:277,0
DA:288,0
DA:289,0
DA:295,0
LF:89
LH:0
BRDA:41,0,0,0
BRDA:44,1,0,0
BRDA:45,2,0,0
BRDA:50,3,0,0
BRDA:51,4,0,0
BRDA:52,5,0,0
BRDA:91,6,0,0
BRDA:91,6,1,0
BRDA:96,7,0,0
BRDA:96,7,1,0
BRDA:97,8,0,0
BRDA:97,8,1,0
BRDA:108,9,0,0
BRDA:108,9,1,0
BRDA:112,10,0,0
BRDA:112,10,1,0
BRDA:133,11,0,0
BRDA:133,11,1,0
BRDA:133,12,0,0
BRDA:133,12,1,0
BRDA:156,13,0,0
BRDA:156,13,1,0
BRDA:168,14,0,0
BRDA:168,14,1,0
BRDA:219,15,0,0
BRDA:219,15,1,0
BRDA:236,16,0,0
BRDA:236,16,1,0
BRDA:236,17,0,0
BRDA:236,17,1,0
BRF:30
BRH:0
end_of_record
TN:
SF:hooks\useTournaments.ts
FN:40,useTournaments
FN:64,(anonymous_1)
FN:73,(anonymous_2)
FN:91,(anonymous_3)
FN:153,(anonymous_4)
FN:162,(anonymous_5)
FN:168,(anonymous_6)
FN:169,(anonymous_7)
FN:176,(anonymous_8)
FN:181,(anonymous_9)
FN:190,(anonymous_10)
FN:191,(anonymous_11)
FN:199,(anonymous_12)
FN:200,(anonymous_13)
FNF:14
FNH:0
FNDA:0,useTournaments
FNDA:0,(anonymous_1)
FNDA:0,(anonymous_2)
FNDA:0,(anonymous_3)
FNDA:0,(anonymous_4)
FNDA:0,(anonymous_5)
FNDA:0,(anonymous_6)
FNDA:0,(anonymous_7)
FNDA:0,(anonymous_8)
FNDA:0,(anonymous_9)
FNDA:0,(anonymous_10)
FNDA:0,(anonymous_11)
FNDA:0,(anonymous_12)
FNDA:0,(anonymous_13)
DA:44,0
DA:53,0
DA:61,0
DA:64,0
DA:65,0
DA:73,0
DA:74,0
DA:77,0
DA:78,0
DA:79,0
DA:82,0
DA:85,0
DA:88,0
DA:91,0
DA:92,0
DA:94,0
DA:95,0
DA:96,0
DA:99,0
DA:105,0
DA:106,0
DA:115,0
DA:116,0
DA:119,0
DA:121,0
DA:124,0
DA:125,0
DA:134,0
DA:139,0
DA:146,0
DA:147,0
DA:148,0
DA:151,0
DA:155,0
DA:158,0
DA:160,0
DA:162,0
DA:168,0
DA:169,0
DA:176,0
DA:177,0
DA:181,0
DA:183,0
DA:186,0
DA:190,0
DA:191,0
DA:199,0
DA:200,0
DA:207,0
LF:49
LH:0
BRDA:42,0,0,0
BRDA:74,1,0,0
[...]
FN:422,(anonymous_13)
FN:438,(anonymous_14)
FN:447,(anonymous_15)
FN:454,(anonymous_16)
FN:465,(anonymous_17)
FN:490,(anonymous_18)
FN:508,(anonymous_19)
FN:511,(anonymous_20)
FN:535,(anonymous_21)
FN:542,(anonymous_22)
FN:546,(anonymous_23)
FN:556,(anonymous_24)
FN:559,(anonymous_25)
FN:568,(anonymous_26)
FN:576,(anonymous_27)
FN:588,(anonymous_28)
FN:596,(anonymous_29)
FN:611,(anonymous_30)
FN:618,(anonymous_31)
FN:620,(anonymous_32)
FN:634,(anonymous_33)
FN:636,(anonymous_34)
FN:644,(anonymous_35)
FN:656,(anonymous_36)
FN:675,(anonymous_37)
FN:683,(anonymous_38)
FN:684,(anonymous_39)
FNF:40
FNH:0
FNDA:0,(anonymous_0)
FNDA:0,(anonymous_1)
FNDA:0,(anonymous_2)
FNDA:0,(anonymous_3)
FNDA:0,(anonymous_4)
FNDA:0,(anonymous_5)
FNDA:0,(anonymous_6)
FNDA:0,(anonymous_7)
FNDA:0,(anonymous_8)
FNDA:0,(anonymous_9)
FNDA:0,(anonymous_10)
FNDA:0,(anonymous_11)
FNDA:0,(anonymous_12)
FNDA:0,(anonymous_13)
FNDA:0,(anonymous_14)
FNDA:0,(anonymous_15)
FNDA:0,(anonymous_16)
FNDA:0,(anonymous_17)
FNDA:0,(anonymous_18)
FNDA:0,(anonymous_19)
FNDA:0,(anonymous_20)
FNDA:0,(anonymous_21)
FNDA:0,(anonymous_22)
FNDA:0,(anonymous_23)
FNDA:0,(anonymous_24)
FNDA:0,(anonymous_25)
FNDA:0,(anonymous_26)
FNDA:0,(anonymous_27)
FNDA:0,(anonymous_28)
FNDA:0,(anonymous_29)
FNDA:0,(anonymous_30)
FNDA:0,(anonymous_31)
FNDA:0,(anonymous_32)
FNDA:0,(anonymous_33)
FNDA:0,(anonymous_34)
FNDA:0,(anonymous_35)
FNDA:0,(anonymous_36)
FNDA:0,(anonymous_37)
FNDA:0,(anonymous_38)
FNDA:0,(anonymous_39)
DA:28,0
DA:32,0
DA:38,0
DA:39,0
DA:40,0
DA:54,0
DA:55,0
DA:59,0
DA:67,0
DA:69,0
DA:71,0
DA:72,0
DA:73,0
DA:74,0
DA:83,0
DA:84,0
DA:86,0
DA:88,0
DA:89,0
DA:98,0
DA:99,0
DA:107,0
DA:108,0
DA:122,0
DA:124,0
DA:125,0
DA:126,0
DA:129,0
DA:131,0
DA:142,0
DA:144,0
DA:145,0
DA:147,0
DA:150,0
DA:158,0
DA:171,0
DA:173,0
DA:175,0
DA:176,0
DA:177,0
DA:178,0
DA:182,0
DA:184,0
DA:191,0
DA:204,0
DA:206,0
DA:207,0
DA:208,0
DA:211,0
DA:212,0
DA:215,0
DA:216,0
DA:218,0
DA:222,0
DA:231,0
DA:232,0
DA:233,0
DA:234,0
DA:235,0
DA:236,0
DA:238,0
DA:245,0
DA:247,0
DA:251,0
DA:254,0
DA:255,0
DA:259,0
DA:263,0
DA:271,0
DA:274,0
DA:275,0
DA:276,0
DA:277,0
DA:283,0
DA:284,0
DA:285,0
DA:286,0
DA:287,0
DA:293,0
DA:295,0
DA:302,0
DA:304,0
DA:305,0
DA:309,0
DA:310,0
DA:311,0
DA:312,0
DA:316,0
DA:317,0
DA:319,0
DA:331,0
DA:332,0
DA:333,0
DA:335,0
DA:336,0
DA:339,0
DA:342,0
DA:343,0
DA:344,0
DA:348,0
DA:349,0
DA:352,0
DA:354,0
DA:362,0
DA:376,0
DA:377,0
DA:380,0
DA:381,0
DA:388,0
DA:389,0
DA:391,0
DA:398,0
DA:401,0
DA:402,0
DA:403,0
DA:414,0
DA:415,0
DA:423,0
DA:426,0
DA:428,0
DA:429,0
DA:432,0
DA:439,0
DA:440,0
DA:441,0
DA:448,0
DA:455,0
DA:456,0
DA:458,0
DA:466,0
DA:467,0
DA:469,0
DA:470,0
DA:471,0
DA:472,0
DA:473,0
DA:477,0
DA:478,0
DA:479,0
DA:480,0
DA:481,0
DA:482,0
DA:491,0
DA:492,0
DA:494,0
DA:495,0
DA:496,0
DA:497,0
DA:498,0
DA:502,0
DA:509,0
DA:510,0
DA:511,0
DA:513,0
DA:514,0
DA:516,0
DA:517,0
DA:518,0
DA:519,0
DA:520,0
DA:524,0
DA:528,0
DA:536,0
DA:544,0
DA:545,0
DA:546,0
DA:547,0
DA:549,0
DA:557,0
DA:558,0
DA:559,0
DA:561,0
DA:570,0
DA:577,0
DA:578,0
DA:579,0
DA:580,0
DA:582,0
DA:589,0
DA:590,0
DA:597,0
DA:598,0
DA:600,0
DA:604,0
DA:605,0
DA:612,0
DA:620,0
DA:621,0
DA:636,0
DA:637,0
DA:646,0
DA:647,0
DA:648,0
DA:649,0
DA:654,0
DA:655,0
DA:656,0
DA:658,0
DA:659,0
DA:660,0
DA:661,0
DA:662,0
DA:663,0
DA:684,0
LF:204
LH:0
BRDA:36,0,0,0
BRDA:54,1,0,0
BRDA:54,1,1,0
BRDA:72,2,0,0
BRDA:72,2,1,0
BRDA:84,3,0,0
BRDA:84,3,1,0
BRDA:84,4,0,0
BRDA:84,4,1,0
BRDA:144,5,0,0
BRDA:144,5,1,0
BRDA:176,6,0,0
BRDA:176,6,1,0
BRDA:207,7,0,0
BRDA:207,7,1,0
BRDA:207,8,0,0
BRDA:207,8,1,0
BRDA:211,9,0,0
BRDA:211,9,1,0
BRDA:211,10,0,0
BRDA:211,10,1,0
BRDA:245,11,0,0
BRDA:245,11,1,0
BRDA:270,12,0,0
BRDA:274,13,0,0
BRDA:274,13,1,0
BRDA:274,14,0,0
BRDA:274,14,1,0
BRDA:276,15,0,0
BRDA:276,15,1,0
BRDA:283,16,0,0
BRDA:283,16,1,0
BRDA:283,17,0,0
BRDA:283,17,1,0
BRDA:286,18,0,0
BRDA:286,18,1,0
BRDA:293,19,0,0
BRDA:293,19,1,0
BRDA:304,20,0,0
BRDA:304,20,1,0
BRDA:309,21,0,0
BRDA:309,21,1,0
BRDA:335,22,0,0
BRDA:335,22,1,0
BRDA:342,23,0,0
BRDA:342,23,1,0
BRDA:401,24,0,0
BRDA:401,24,1,0
BRDA:423,25,0,0
BRDA:423,25,1,0
BRDA:428,26,0,0
BRDA:428,26,1,0
BRDA:428,27,0,0
BRDA:428,27,1,0
BRDA:440,28,0,0
BRDA:440,28,1,0
BRDA:471,29,0,0
BRDA:471,29,1,0
BRDA:477,30,0,0
BRDA:477,30,1,0
BRDA:479,31,0,0
BRDA:479,31,1,0
BRDA:492,32,0,0
BRDA:492,32,1,0
BRDA:495,33,0,0
BRDA:495,33,1,0
BRDA:495,34,0,0
BRDA:495,34,1,0
BRDA:514,35,0,0
BRDA:514,35,1,0
BRDA:518,36,0,0
BRDA:518,36,1,0
BRDA:518,37,0,0
BRDA:518,37,1,0
BRDA:577,38,0,0
BRDA:577,38,1,0
BRDA:577,39,0,0
BRDA:577,39,1,0
BRDA:578,40,0,0
BRDA:578,40,1,0
BRDA:578,41,0,0
BRDA:578,41,1,0
BRDA:579,42,0,0
BRDA:579,42,1,0
BRDA:579,43,0,0
BRDA:579,43,1,0
BRDA:580,44,0,0
BRDA:580,44,1,0
BRDA:580,45,0,0
BRDA:580,45,1,0
BRDA:590,46,0,0
BRDA:590,46,1,0
BRDA:597,47,0,0
BRDA:597,47,1,0
BRDA:647,48,0,0
BRDA:647,48,1,0
BRDA:660,49,0,0
BRDA:660,49,1,0
BRDA:662,50,0,0
BRDA:662,50,1,0
BRF:100
BRH:0
end_of_record
TN:
SF:services\live-score\LiveScorePollingService.ts
FN:63,(anonymous_0)
FN:83,(anonymous_1)
FN:128,(anonymous_2)
FN:142,(anonymous_3)
FN:144,(anonymous_4)
FN:152,(anonymous_5)
FN:164,(anonymous_6)
FN:177,(anonymous_7)
FN:208,(anonymous_8)
FN:219,(anonymous_9)
FN:229,(anonymous_10)
FN:237,(anonymous_11)
FN:253,(anonymous_12)
FN:262,(anonymous_13)
FN:270,(anonymous_14)
FN:387,(anonymous_15)
FN:398,(anonymous_16)
FN:433,(anonymous_17)
FN:518,(anonymous_18)
FN:527,(anonymous_19)
FN:538,(anonymous_20)
FN:550,(anonymous_21)
FN:580,(anonymous_22)
FN:592,createLiveScorePollingService
FNF:24
FNH:0
FNDA:0,(anonymous_0)
FNDA:0,(anonymous_1)
FNDA:0,(anonymous_2)
FNDA:0,(anonymous_3)
FNDA:0,(anonymous_4)
FNDA:0,(anonymous_5)
FNDA:0,(anonymous_6)
FNDA:0,(anonymous_7)
FNDA:0,(anonymous_8)
FNDA:0,(anonymous_9)
FNDA:0,(anonymous_10)
FNDA:0,(anonymous_11)
FNDA:0,(anonymous_12)
FNDA:0,(anonymous_13)
FNDA:0,(anonymous_14)
FNDA:0,(anonymous_15)
FNDA:0,(anonymous_16)
FNDA:0,(anonymous_17)
FNDA:0,(anonymous_18)
FNDA:0,(anonymous_19)
FNDA:0,(anonymous_20)
FNDA:0,(anonymous_21)
FNDA:0,(anonymous_22)
FNDA:0,createLiveScorePollingService
DA:50,0
DA:54,0
DA:55,0
DA:56,0
DA:59,0
DA:60,0
DA:61,0
DA:68,0
DA:69,0
DA:70,0
DA:73,0
DA:90,0
DA:93,0
DA:94,0
DA:96,0
DA:98,0
DA:99,0
DA:102,0
DA:103,0
DA:108,0
DA:118,0
DA:121,0
DA:129,0
DA:130,0
DA:131,0
DA:132,0
DA:133,0
DA:135,0
DA:143,0
DA:144,0
DA:153,0
DA:154,0
DA:155,0
DA:165,0
DA:166,0
DA:167,0
DA:178,0
DA:179,0
DA:180,0
DA:184,0
DA:187,0
DA:195,0
DA:196,0
DA:197,0
DA:201,0
DA:202,0
DA:205,0
DA:206,0
DA:207,0
DA:208,0
DA:220,0
DA:221,0
DA:230,0
DA:238,0
DA:254,0
DA:263,0
DA:271,0
DA:272,0
DA:275,0
DA:277,0
DA:279,0
DA:280,0
DA:284,0
DA:291,0
DA:294,0
DA:296,0
DA:298,0
DA:300,0
DA:302,0
DA:304,0
DA:305,0
DA:308,0
DA:319,0
DA:320,0
DA:322,0
DA:324,0
DA:327,0
DA:338,0
DA:339,0
DA:340,0
DA:344,0
DA:347,0
DA:348,0
DA:352,0
DA:355,0
DA:358,0
DA:362,0
DA:366,0
DA:371,0
DA:374,0
DA:375,0
DA:378,0
DA:385,0
DA:386,0
DA:387,0
DA:399,0
DA:401,0
DA:402,0
DA:406,0
DA:407,0
DA:410,0
DA:411,0
DA:412,0
DA:415,0
DA:416,0
DA:419,0
DA:420,0
DA:421,0
DA:424,0
DA:425,0
DA:426,0
DA:427,0
DA:430,0
DA:431,0
DA:432,0
DA:433,0
DA:434,0
DA:435,0
DA:436,0
DA:437,0
DA:439,0
DA:449,0
DA:450,0
DA:453,0
DA:511,0
DA:519,0
DA:520,0
DA:521,0
DA:528,0
DA:529,0
DA:530,0
DA:539,0
DA:554,0
DA:558,0
DA:559,0
DA:563,0
DA:564,0
DA:568,0
DA:569,0
DA:571,0
DA:574,0
DA:581,0
DA:582,0
DA:596,0
LF:144
LH:0
BRDA:66,0,0,0
BRDA:87,1,0,0
BRDA:96,2,0,0
BRDA:96,2,1,0
BRDA:102,3,0,0
BRDA:102,3,1,0
BRDA:130,4,0,0
BRDA:130,4,1,0
BRDA:132,5,0,0
BRDA:132,5,1,0
BRDA:154,6,0,0
BRDA:154,6,1,0
BRDA:166,7,0,0
BRDA:166,7,1,0
BRDA:166,8,0,0
BRDA:166,8,1,0
BRDA:179,9,0,0
BRDA:179,9,1,0
BRDA:179,10,0,0
BRDA:179,10,1,0
BRDA:195,11,0,0
BRDA:195,11,1,0
BRDA:205,12,0,0
BRDA:205,12,1,0
BRDA:205,13,0,0
BRDA:205,13,1,0
BRDA:221,14,0,0
BRDA:221,14,1,0
BRDA:241,15,0,0
BRDA:241,15,1,0
BRDA:242,16,0,0
BRDA:242,16,1,0
BRDA:253,17,0,0
BRDA:262,18,0,0
BRDA:271,19,0,0
BRDA:271,19,1,0
BRDA:279,20,0,0
BRDA:279,20,1,0
BRDA:298,21,0,0
BRDA:298,21,1,0
BRDA:302,22,0,0
BRDA:302,22,1,0
BRDA:314,23,0,0
BRDA:314,23,1,0
BRDA:322,24,0,0
BRDA:322,24,1,0
BRDA:333,25,0,0
BRDA:333,25,1,0
BRDA:339,26,0,0
BRDA:339,26,1,0
BRDA:347,27,0,0
BRDA:347,27,1,0
BRDA:347,28,0,0
BRDA:347,28,1,0
BRDA:374,29,0,0
BRDA:374,29,1,0
BRDA:385,30,0,0
BRDA:385,30,1,0
BRDA:401,31,0,0
BRDA:401,31,1,0
BRDA:401,32,0,0
BRDA:401,32,1,0
BRDA:410,33,0,0
BRDA:410,33,1,0
BRDA:411,34,0,0
BRDA:411,34,1,0
BRDA:412,35,0,0
BRDA:412,35,1,0
BRDA:415,36,0,0
BRDA:415,36,1,0
BRDA:416,37,0,0
BRDA:416,37,1,0
BRDA:420,38,0,0
BRDA:420,38,1,0
BRDA:420,39,0,0
BRDA:420,39,1,0
BRDA:421,40,0,0
BRDA:421,40,1,0
BRDA:421,41,0,0
BRDA:421,41,1,0
BRDA:424,42,0,0
BRDA:424,42,1,0
BRDA:425,43,0,0
BRDA:425,43,1,0
BRDA:426,44,0,0
BRDA:426,44,1,0
BRDA:427,45,0,0
BRDA:427,45,1,0
BRDA:432,46,0,0
BRDA:432,46,1,0
BRDA:434,47,0,0
BRDA:434,47,1,0
BRDA:435,48,0,0
BRDA:435,48,1,0
BRDA:436,49,0,0
BRDA:436,49,1,0
BRDA:437,50,0,0
BRDA:437,50,1,0
BRDA:449,51,0,0
BRDA:449,51,1,0
BRDA:450,52,0,0
BRDA:450,52,1,0
BRDA:454,53,0,0
BRDA:454,53,1,0
BRDA:455,54,0,0
BRDA:455,54,1,0
BRDA:466,55,0,0
BRDA:466,55,1,0
BRDA:468,56,0,0
BRDA:468,56,1,0
BRDA:469,57,0,0
BRDA:469,57,1,0
BRDA:471,58,0,0
BRDA:471,58,1,0
BRDA:472,59,0,0
BRDA:472,59,1,0
BRDA:472,60,0,0
BRDA:472,60,1,0
BRDA:477,61,0,0
BRDA:477,61,1,0
BRDA:478,62,0,0
BRDA:478,62,1,0
BRDA:485,63,0,0
BRDA:485,63,1,0
BRDA:486,64,0,0
BRDA:486,64,1,0
BRDA:490,65,0,0
BRDA:490,65,1,0
BRDA:494,66,0,0
BRDA:494,66,1,0
BRDA:495,67,0,0
BRDA:495,67,1,0
BRDA:499,68,0,0
BRDA:499,68,1,0
BRDA:502,69,0,0
BRDA:502,69,1,0
BRDA:503,70,0,0
BRDA:503,70,1,0
BRDA:504,71,0,0
BRDA:504,71,1,0
BRDA:505,72,0,0
BRDA:505,72,1,0
BRDA:506,73,0,0
BRDA:506,73,1,0
BRDA:507,74,0,0
BRDA:507,74,1,0
BRDA:521,75,0,0
BRDA:521,75,1,0
BRDA:530,76,0,0
BRDA:530,76,1,0
BRDA:554,77,0,0
BRDA:554,77,1,0
BRDA:554,77,2,0
BRDA:554,77,3,0
BRDA:554,77,4,0
BRDA:554,77,5,0
BRDA:554,77,6,0
BRDA:554,77,7,0
BRDA:554,77,8,0
BRDA:554,77,9,0
BRF:160
BRH:0
end_of_record
TN:
SF:services\monitoring\PerformanceDashboard.ts
FN:103,(anonymous_0)
FN:111,(anonymous_1)
FN:117,(anonymous_2)
FN:127,(anonymous_3)
FN:138,(anonymous_4)
FN:145,(anonymous_5)
FN:147,(anonymous_6)
FN:155,(anonymous_7)
FN:158,(anonymous_8)
FN:166,(anonymous_9)
FN:173,(anonymous_10)
FN:183,(anonymous_11)
FN:203,(anonymous_12)
FN:204,(anonymous_13)
FN:205,(anonymous_14)
FN:206,(anonymous_15)
FN:214,(anonymous_16)
FN:229,(anonymous_17)
FN:230,(anonymous_18)
FN:233,(anonymous_19)
FN:234,(anonymous_20)
FN:249,(anonymous_21)
FN:257,(anonymous_22)
FN:298,(anonymous_23)
FN:300,(anonymous_24)
FN:314,(anonymous_25)
FN:347,(anonymous_26)
FN:436,(anonymous_27)
FN:477,(anonymous_28)
FN:537,(anonymous_29)
FN:563,(anonymous_30)
FN:571,(anonymous_31)
FN:578,(anonymous_32)
FN:585,(anonymous_33)
FN:592,(anonymous_34)
FNF:35
FNH:0
FNDA:0,(anonymous_0)
FNDA:0,(anonymous_1)
FNDA:0,(anonymous_2)
FNDA:0,(anonymous_3)
FNDA:0,(anonymous_4)
FNDA:0,(anonymous_5)
FNDA:0,(anonymous_6)
FNDA:0,(anonymous_7)
FNDA:0,(anonymous_8)
FNDA:0,(anonymous_9)
FNDA:0,(anonymous_10)
FNDA:0,(anonymous_11)
FNDA:0,(anonymous_12)
FNDA:0,(anonymous_13)
FNDA:0,(anonymous_14)
FNDA:0,(anonymous_15)
FNDA:0,(anonymous_16)
FNDA:0,(anonymous_17)
FNDA:0,(anonymous_18)
FNDA:0,(anonymous_19)
FNDA:0,(anonymous_20)
FNDA:0,(anonymous_21)
FNDA:0,(anonymous_22)
FNDA:0,(anonymous_23)
FNDA:0,(anonymous_24)
FNDA:0,(anonymous_25)
FNDA:0,(anonymous_26)
FNDA:0,(anonymous_27)
FNDA:0,(anonymous_28)
FNDA:0,(anonymous_29)
FNDA:0,(anonymous_30)
FNDA:0,(anonymous_31)
FNDA:0,(anonymous_32)
FNDA:0,(anonymous_33)
FNDA:0,(anonymous_34)
DA:98,0
DA:99,0
DA:101,0
DA:104,0
DA:105,0
DA:112,0
DA:114,0
DA:117,0
DA:118,0
DA:128,0
DA:129,0
DA:130,0
DA:139,0
DA:146,0
DA:147,0
DA:148,0
DA:157,0
DA:158,0
DA:159,0
DA:167,0
DA:174,0
DA:175,0
DA:176,0
DA:199,0
DA:200,0
DA:203,0
DA:204,0
DA:205,0
DA:206,0
DA:209,0
DA:210,0
DA:211,0
DA:214,0
DA:215,0
DA:216,0
DA:220,0
DA:222,0
DA:229,0
DA:230,0
DA:233,0
DA:234,0
DA:250,0
DA:251,0
DA:258,0
DA:261,0
DA:262,0
DA:265,0
DA:277,0
DA:279,0
DA:290,0
DA:293,0
DA:294,0
DA:298,0
DA:299,0
DA:300,0
DA:304,0
DA:305,0
DA:308,0
DA:318,0
DA:321,0
DA:322,0
DA:324,0
DA:325,0
DA:329,0
DA:330,0
DA:332,0
DA:333,0
DA:337,0
DA:338,0
DA:341,0
DA:353,0
DA:356,0
DA:357,0
DA:367,0
DA:368,0
DA:381,0
DA:382,0
DA:392,0
DA:393,0
DA:406,0
DA:407,0
DA:417,0
DA:418,0
DA:430,0
DA:437,0
DA:440,0
DA:441,0
DA:444,0
DA:445,0
DA:448,0
DA:449,0
DA:456,0
DA:460,0
DA:461,0
DA:468,0
DA:471,0
DA:484,0
DA:487,0
DA:488,0
DA:489,0
DA:502,0
DA:503,0
DA:504,0
DA:517,0
DA:518,0
DA:519,0
DA:531,0
DA:547,0
DA:568,0
DA:571,0
DA:572,0
DA:573,0
DA:574,0
DA:578,0
DA:579,0
DA:580,0
DA:581,0
DA:585,0
DA:586,0
DA:587,0
DA:588,0
DA:592,0
DA:593,0
DA:594,0
DA:595,0
DA:599,0
DA:600,0
DA:602,0
DA:603,0
DA:606,0
DA:613,0
LF:131
LH:0
BRDA:112,0,0,0
BRDA:112,0,1,0
BRDA:128,1,0,0
BRDA:128,1,1,0
BRDA:145,2,0,0
BRDA:175,3,0,0
BRDA:175,3,1,0
BRDA:183,4,0,0
BRDA:215,5,0,0
BRDA:215,5,1,0
BRDA:229,6,0,0
BRDA:229,6,1,0
BRDA:230,7,0,0
BRDA:230,7,1,0
BRDA:233,8,0,0
BRDA:233,8,1,0
BRDA:234,9,0,0
BRDA:234,9,1,0
BRDA:293,10,0,0
BRDA:293,10,1,0
BRDA:304,11,0,0
BRDA:304,11,1,0
BRDA:321,12,0,0
BRDA:321,12,1,0
BRDA:324,13,0,0
BRDA:324,13,1,0
BRDA:329,14,0,0
BRDA:329,14,1,0
BRDA:332,15,0,0
BRDA:332,15,1,0
BRDA:337,16,0,0
BRDA:337,16,1,0
BRDA:356,17,0,0
BRDA:356,17,1,0
BRDA:367,18,0,0
BRDA:367,18,1,0
BRDA:381,19,0,0
BRDA:381,19,1,0
BRDA:392,20,0,0
BRDA:392,20,1,0
BRDA:406,21,0,0
BRDA:406,21,1,0
BRDA:417,22,0,0
BRDA:417,22,1,0
BRDA:440,23,0,0
BRDA:440,23,1,0
BRDA:448,24,0,0
BRDA:448,24,1,0
BRDA:448,25,0,0
BRDA:448,25,1,0
BRDA:460,26,0,0
BRDA:460,26,1,0
BRDA:460,27,0,0
BRDA:460,27,1,0
BRDA:488,28,0,0
BRDA:488,28,1,0
BRDA:503,29,0,0
BRDA:503,29,1,0
BRDA:518,30,0,0
BRDA:518,30,1,0
BRDA:572,31,0,0
BRDA:572,31,1,0
BRDA:579,32,0,0
BRDA:579,32,1,0
BRDA:586,33,0,0
BRDA:586,33,1,0
BRDA:593,34,0,0
BRDA:593,34,1,0
BRDA:599,35,0,0
BRDA:599,35,1,0
BRDA:599,36,0,0
BRDA:599,36,1,0
BRDA:602,37,0,0
BRDA:602,37,1,0
BRDA:602,38,0,0
BRDA:602,38,1,0
BRF:76
BRH:0
end_of_record
TN:
SF:services\parsing\VisResponseParser.ts
FN:70,(anonymous_0)
FN:89,(anonymous_1)
FN:133,(anonymous_2)
FN:172,(anonymous_3)
FN:198,(anonymous_4)
FN:236,(anonymous_5)
FN:288,(anonymous_6)
FN:370,(anonymous_7)
FN:387,(anonymous_8)
FN:397,(anonymous_9)
FN:419,(anonymous_10)
FN:452,(anonymous_11)
FN:500,(anonymous_12)
FN:530,(anonymous_13)
FN:539,(anonymous_14)
FN:549,(anonymous_15)
FN:608,(anonymous_16)
FN:669,(anonymous_17)
FN:697,(anonymous_18)
FN:715,(anonymous_19)
FNF:20
FNH:0
FNDA:0,(anonymous_0)
FNDA:0,(anonymous_1)
FNDA:0,(anonymous_2)
FNDA:0,(anonymous_3)
FNDA:0,(anonymous_4)
FNDA:0,(anonymous_5)
FNDA:0,(anonymous_6)
FNDA:0,(anonymous_7)
FNDA:0,(anonymous_8)
FNDA:0,(anonymous_9)
FNDA:0,(anonymous_10)
FNDA:0,(anonymous_11)
FNDA:0,(anonymous_12)
FNDA:0,(anonymous_13)
FNDA:0,(anonymous_14)
FNDA:0,(anonymous_15)
FNDA:0,(anonymous_16)
FNDA:0,(anonymous_17)
FNDA:0,(anonymous_18)
FNDA:0,(anonymous_19)
DA:75,0
DA:76,0
DA:90,0
DA:92,0
DA:95,0
DA:97,0
DA:98,0
DA:101,0
DA:102,0
DA:103,0
DA:104,0
DA:105,0
DA:114,0
DA:115,0
DA:118,0
DA:121,0
DA:134,0
DA:135,0
DA:136,0
DA:139,0
DA:140,0
DA:141,0
DA:143,0
DA:144,0
DA:145,0
DA:147,0
DA:160,0
DA:173,0
DA:174,0
DA:175,0
DA:176,0
DA:178,0
DA:186,0
DA:199,0
DA:200,0
DA:203,0
DA:206,0
DA:207,0
DA:210,0
DA:211,0
DA:212,0
DA:213,0
DA:214,0
DA:222,0
DA:225,0
DA:237,0
DA:238,0
DA:239,0
DA:241,0
DA:242,0
DA:245,0
DA:246,0
DA:247,0
DA:249,0
DA:250,0
DA:251,0
DA:253,0
DA:255,0
DA:257,0
DA:290,0
DA:291,0
DA:292,0
DA:293,0
DA:294,0
DA:297,0
DA:298,0
DA:301,0
DA:302,0
DA:304,0
DA:305,0
DA:306,0
DA:310,0
DA:313,0
DA:316,0
DA:318,0
DA:321,0
DA:328,0
DA:329,0
DA:331,0
DA:332,0
DA:335,0
DA:337,0
DA:338,0
DA:339,0
DA:341,0
DA:371,0
DA:372,0
DA:374,0
DA:388,0
DA:389,0
DA:390,0
DA:391,0
DA:398,0
DA:400,0
DA:402,0
DA:403,0
DA:404,0
DA:406,0
DA:420,0
DA:423,0
DA:424,0
DA:426,0
DA:427,0
DA:436,0
DA:437,0
DA:446,0
DA:454,0
DA:455,0
DA:458,0
DA:462,0
DA:464,0
DA:465,0
DA:467,0
DA:468,0
DA:471,0
DA:472,0
DA:473,0
DA:474,0
DA:475,0
DA:476,0
DA:477,0
DA:484,0
DA:485,0
DA:487,0
DA:501,0
DA:503,0
DA:504,0
DA:506,0
DA:508,0
DA:509,0
DA:510,0
DA:511,0
DA:512,0
DA:514,0
DA:524,0
DA:531,0
DA:532,0
DA:533,0
DA:540,0
DA:541,0
DA:542,0
DA:550,0
DA:551,0
DA:552,0
DA:556,0
DA:558,0
DA:559,0
DA:560,0
DA:561,0
DA:562,0
DA:563,0
DA:564,0
DA:565,0
DA:566,0
DA:567,0
DA:570,0
DA:571,0
DA:572,0
DA:574,0
DA:575,0
DA:589,0
DA:596,0
DA:609,0
DA:610,0
DA:611,0
DA:615,0
DA:617,0
DA:618,0
DA:619,0
DA:620,0
DA:621,0
DA:622,0
DA:623,0
DA:624,0
DA:625,0
DA:626,0
DA:627,0
DA:628,0
DA:631,0
DA:632,0
DA:634,0
DA:635,0
DA:651,0
DA:658,0
DA:670,0
DA:673,0
DA:676,0
DA:679,0
DA:682,0
DA:685,0
DA:688,0
DA:690,0
DA:698,0
DA:700,0
DA:702,0
DA:704,0
DA:706,0
DA:708,0
DA:716,0
DA:718,0
DA:720,0
DA:722,0
DA:724,0
LF:203
LH:0
BRDA:97,0,0,0
BRDA:97,0,1,0
BRDA:104,1,0,0
BRDA:104,1,1,0
BRDA:114,2,0,0
BRDA:114,2,1,0
BRDA:136,3,0,0
BRDA:136,3,1,0
BRDA:139,4,0,0
BRDA:139,4,1,0
BRDA:140,5,0,0
BRDA:140,5,1,0
BRDA:141,6,0,0
BRDA:141,6,1,0
BRDA:155,7,0,0
BRDA:155,7,1,0
BRDA:155,8,0,0
BRDA:155,8,1,0
BRDA:203,9,0,0
BRDA:203,9,1,0
BRDA:206,10,0,0
BRDA:206,10,1,0
BRDA:213,11,0,0
BRDA:213,11,1,0
BRDA:241,12,0,0
BRDA:241,12,1,0
BRDA:241,13,0,0
BRDA:241,13,1,0
BRDA:245,14,0,0
BRDA:245,14,1,0
BRDA:246,15,0,0
BRDA:246,15,1,0
BRDA:247,16,0,0
BRDA:247,16,1,0
BRDA:253,17,0,0
BRDA:253,17,1,0
BRDA:262,18,0,0
BRDA:262,18,1,0
BRDA:275,19,0,0
BRDA:275,19,1,0
BRDA:275,20,0,0
BRDA:275,20,1,0
BRDA:291,21,0,0
BRDA:291,21,1,0
BRDA:291,21,2,0
BRDA:292,22,0,0
BRDA:292,22,1,0
BRDA:293,23,0,0
BRDA:293,23,1,0
BRDA:294,24,0,0
BRDA:294,24,1,0
BRDA:297,25,0,0
BRDA:297,25,1,0
BRDA:297,26,0,0
BRDA:297,26,1,0
BRDA:301,27,0,0
BRDA:301,27,1,0
BRDA:304,28,0,0
BRDA:304,28,1,0
BRDA:305,29,0,0
BRDA:305,29,1,0
BRDA:306,30,0,0
BRDA:306,30,1,0
BRDA:310,31,0,0
BRDA:310,31,1,0
BRDA:310,32,0,0
BRDA:310,32,1,0
BRDA:313,33,0,0
BRDA:313,33,1,0
BRDA:313,34,0,0
BRDA:313,34,1,0
BRDA:331,35,0,0
BRDA:331,35,1,0
BRDA:331,36,0,0
BRDA:331,36,1,0
BRDA:371,37,0,0
BRDA:371,37,1,0
BRDA:372,38,0,0
BRDA:372,38,1,0
BRDA:389,39,0,0
BRDA:389,39,1,0
BRDA:389,40,0,0
BRDA:389,40,1,0
BRDA:390,41,0,0
BRDA:390,41,1,0
BRDA:390,42,0,0
BRDA:390,42,1,0
BRDA:400,43,0,0
BRDA:400,43,1,0
BRDA:402,44,0,0
BRDA:402,44,1,0
BRDA:403,45,0,0
BRDA:403,45,1,0
BRDA:404,46,0,0
BRDA:404,46,1,0
BRDA:412,47,0,0
BRDA:412,47,1,0
BRDA:412,48,0,0
BRDA:412,48,1,0
BRDA:426,49,0,0
BRDA:426,49,1,0
BRDA:436,50,0,0
BRDA:436,50,1,0
BRDA:458,51,0,0
BRDA:458,51,1,0
BRDA:458,52,0,0
BRDA:458,52,1,0
BRDA:464,53,0,0
BRDA:464,53,1,0
BRDA:465,54,0,0
BRDA:465,54,1,0
BRDA:471,55,0,0
BRDA:471,55,1,0
BRDA:471,56,0,0
BRDA:471,56,1,0
BRDA:475,57,0,0
BRDA:475,57,1,0
BRDA:475,58,0,0
BRDA:475,58,1,0
BRDA:484,59,0,0
BRDA:484,59,1,0
BRDA:484,60,0,0
BRDA:484,60,1,0
BRDA:485,61,0,0
BRDA:485,61,1,0
BRDA:493,62,0,0
BRDA:493,62,1,0
BRDA:504,63,0,0
BRDA:504,63,1,0
BRDA:508,64,0,0
BRDA:508,64,1,0
BRDA:510,65,0,0
BRDA:510,65,1,0
BRDA:511,66,0,0
BRDA:511,66,1,0
BRDA:512,67,0,0
BRDA:512,67,1,0
BRDA:533,68,0,0
BRDA:533,68,1,0
BRDA:542,69,0,0
BRDA:542,69,1,0
BRDA:558,70,0,0
BRDA:558,70,1,0
BRDA:560,71,0,0
BRDA:560,71,1,0
BRDA:561,72,0,0
BRDA:561,72,1,0
BRDA:562,73,0,0
BRDA:562,73,1,0
BRDA:563,74,0,0
BRDA:563,74,1,0
BRDA:564,75,0,0
BRDA:564,75,1,0
BRDA:565,76,0,0
BRDA:565,76,1,0
BRDA:566,77,0,0
BRDA:566,77,1,0
BRDA:567,78,0,0
BRDA:567,78,1,0
BRDA:574,79,0,0
BRDA:574,79,1,0
BRDA:574,80,0,0
BRDA:574,80,1,0
BRDA:574,80,2,0
BRDA:574,80,3,0
BRDA:617,81,0,0
BRDA:617,81,1,0
BRDA:619,82,0,0
BRDA:619,82,1,0
BRDA:620,83,0,0
BRDA:620,83,1,0
BRDA:621,84,0,0
BRDA:621,84,1,0
BRDA:622,85,0,0
BRDA:622,85,1,0
BRDA:623,86,0,0
BRDA:623,86,1,0
BRDA:624,87,0,0
BRDA:624,87,1,0
BRDA:625,88,0,0
BRDA:625,88,1,0
BRDA:634,89,0,0
BRDA:634,89,1,0
BRDA:634,90,0,0
BRDA:634,90,1,0
BRDA:634,90,2,0
BRDA:634,90,3,0
BRDA:670,91,0,0
BRDA:670,91,1,0
BRDA:670,91,2,0
BRDA:670,91,3,0
BRDA:670,91,4,0
BRDA:670,91,5,0
BRDA:670,91,6,0
BRDA:670,91,7,0
BRDA:670,91,8,0
BRDA:670,91,9,0
BRDA:670,91,10,0
BRDA:670,91,11,0
BRDA:670,91,12,0
BRDA:698,92,0,0
BRDA:698,92,1,0
BRDA:698,92,2,0
BRDA:698,92,3,0
BRDA:698,92,4,0
BRDA:716,93,0,0
BRDA:716,93,1,0
BRDA:716,93,2,0
BRDA:716,93,3,0
BRF:209
BRH:0
end_of_record
